[2024-01-24 17:47:36] local.ERROR: Class "App\Http\Controllers\Admin\UserAdminController" does not exist {"exception":"[object] (ReflectionException(code: -1): Class \"App\\Http\\Controllers\\Admin\\UserAdminController\" does not exist at F:\\web\\kinhdoanhcafe.com.vn\\vendor\\laravel\\framework\\src\\Illuminate\\Foundation\\Console\\RouteListCommand.php:225)
[stacktrace]
#0 F:\\web\\kinhdoanhcafe.com.vn\\vendor\\laravel\\framework\\src\\Illuminate\\Foundation\\Console\\RouteListCommand.php(225): ReflectionClass->__construct()
#1 F:\\web\\kinhdoanhcafe.com.vn\\vendor\\laravel\\framework\\src\\Illuminate\\Foundation\\Console\\RouteListCommand.php(147): Illuminate\\Foundation\\Console\\RouteListCommand->isVendorRoute()
#2 F:\\web\\kinhdoanhcafe.com.vn\\vendor\\laravel\\framework\\src\\Illuminate\\Foundation\\Console\\RouteListCommand.php(116): Illuminate\\Foundation\\Console\\RouteListCommand->getRouteInformation()
#3 [internal function]: Illuminate\\Foundation\\Console\\RouteListCommand->Illuminate\\Foundation\\Console\\{closure}()
#4 F:\\web\\kinhdoanhcafe.com.vn\\vendor\\laravel\\framework\\src\\Illuminate\\Collections\\Arr.php(558): array_map()
#5 F:\\web\\kinhdoanhcafe.com.vn\\vendor\\laravel\\framework\\src\\Illuminate\\Collections\\Collection.php(777): Illuminate\\Support\\Arr::map()
#6 F:\\web\\kinhdoanhcafe.com.vn\\vendor\\laravel\\framework\\src\\Illuminate\\Foundation\\Console\\RouteListCommand.php(117): Illuminate\\Support\\Collection->map()
#7 F:\\web\\kinhdoanhcafe.com.vn\\vendor\\laravel\\framework\\src\\Illuminate\\Foundation\\Console\\RouteListCommand.php(101): Illuminate\\Foundation\\Console\\RouteListCommand->getRoutes()
#8 F:\\web\\kinhdoanhcafe.com.vn\\vendor\\laravel\\framework\\src\\Illuminate\\Container\\BoundMethod.php(36): Illuminate\\Foundation\\Console\\RouteListCommand->handle()
#9 F:\\web\\kinhdoanhcafe.com.vn\\vendor\\laravel\\framework\\src\\Illuminate\\Container\\Util.php(41): Illuminate\\Container\\BoundMethod::Illuminate\\Container\\{closure}()
#10 F:\\web\\kinhdoanhcafe.com.vn\\vendor\\laravel\\framework\\src\\Illuminate\\Container\\BoundMethod.php(93): Illuminate\\Container\\Util::unwrapIfClosure()
#11 F:\\web\\kinhdoanhcafe.com.vn\\vendor\\laravel\\framework\\src\\Illuminate\\Container\\BoundMethod.php(37): Illuminate\\Container\\BoundMethod::callBoundMethod()
#12 F:\\web\\kinhdoanhcafe.com.vn\\vendor\\laravel\\framework\\src\\Illuminate\\Container\\Container.php(662): Illuminate\\Container\\BoundMethod::call()
#13 F:\\web\\kinhdoanhcafe.com.vn\\vendor\\laravel\\framework\\src\\Illuminate\\Console\\Command.php(211): Illuminate\\Container\\Container->call()
#14 F:\\web\\kinhdoanhcafe.com.vn\\vendor\\symfony\\console\\Command\\Command.php(326): Illuminate\\Console\\Command->execute()
#15 F:\\web\\kinhdoanhcafe.com.vn\\vendor\\laravel\\framework\\src\\Illuminate\\Console\\Command.php(181): Symfony\\Component\\Console\\Command\\Command->run()
#16 F:\\web\\kinhdoanhcafe.com.vn\\vendor\\symfony\\console\\Application.php(1096): Illuminate\\Console\\Command->run()
#17 F:\\web\\kinhdoanhcafe.com.vn\\vendor\\symfony\\console\\Application.php(324): Symfony\\Component\\Console\\Application->doRunCommand()
#18 F:\\web\\kinhdoanhcafe.com.vn\\vendor\\symfony\\console\\Application.php(175): Symfony\\Component\\Console\\Application->doRun()
#19 F:\\web\\kinhdoanhcafe.com.vn\\vendor\\laravel\\framework\\src\\Illuminate\\Foundation\\Console\\Kernel.php(201): Symfony\\Component\\Console\\Application->run()
#20 F:\\web\\kinhdoanhcafe.com.vn\\artisan(37): Illuminate\\Foundation\\Console\\Kernel->handle()
#21 {main}
"} 
[2024-01-24 22:32:46] local.ERROR: Class "App\Model\Project" not found {"exception":"[object] (Error(code: 0): Class \"App\\Model\\Project\" not found at F:\\web\\kinhdoanhcafe.com.vn\\app\\Http\\Controllers\\ProjectController.php:22)
[stacktrace]
#0 F:\\web\\kinhdoanhcafe.com.vn\\vendor\\laravel\\framework\\src\\Illuminate\\Container\\BoundMethod.php(36): App\\Http\\Controllers\\ProjectController->index('home')
#1 F:\\web\\kinhdoanhcafe.com.vn\\vendor\\laravel\\framework\\src\\Illuminate\\Container\\Util.php(41): Illuminate\\Container\\BoundMethod::Illuminate\\Container\\{closure}()
#2 F:\\web\\kinhdoanhcafe.com.vn\\vendor\\laravel\\framework\\src\\Illuminate\\Container\\BoundMethod.php(93): Illuminate\\Container\\Util::unwrapIfClosure(Object(Closure))
#3 F:\\web\\kinhdoanhcafe.com.vn\\vendor\\laravel\\framework\\src\\Illuminate\\Container\\BoundMethod.php(35): Illuminate\\Container\\BoundMethod::callBoundMethod(Object(Illuminate\\Foundation\\Application), Array, Object(Closure))
#4 F:\\web\\kinhdoanhcafe.com.vn\\vendor\\laravel\\framework\\src\\Illuminate\\Container\\BoundMethod.php(65): Illuminate\\Container\\BoundMethod::call(Object(Illuminate\\Foundation\\Application), Array, Array)
#5 F:\\web\\kinhdoanhcafe.com.vn\\vendor\\laravel\\framework\\src\\Illuminate\\Container\\BoundMethod.php(32): Illuminate\\Container\\BoundMethod::callClass(Object(Illuminate\\Foundation\\Application), 'App\\\\Http\\\\Contro...', Array, NULL)
#6 F:\\web\\kinhdoanhcafe.com.vn\\vendor\\laravel\\framework\\src\\Illuminate\\Container\\Container.php(662): Illuminate\\Container\\BoundMethod::call(Object(Illuminate\\Foundation\\Application), 'App\\\\Http\\\\Contro...', Array, NULL)
#7 F:\\web\\kinhdoanhcafe.com.vn\\vendor\\laravel\\framework\\src\\Illuminate\\Support\\Facades\\Facade.php(355): Illuminate\\Container\\Container->call('App\\\\Http\\\\Contro...', Array)
#8 F:\\web\\kinhdoanhcafe.com.vn\\app\\Http\\Controllers\\PageController.php(131): Illuminate\\Support\\Facades\\Facade::__callStatic('call', Array)
#9 F:\\web\\kinhdoanhcafe.com.vn\\app\\Http\\Controllers\\PageController.php(103): App\\Http\\Controllers\\PageController->project('home')
#10 F:\\web\\kinhdoanhcafe.com.vn\\vendor\\laravel\\framework\\src\\Illuminate\\Routing\\Controller.php(54): App\\Http\\Controllers\\PageController->page('undefined')
#11 F:\\web\\kinhdoanhcafe.com.vn\\vendor\\laravel\\framework\\src\\Illuminate\\Routing\\ControllerDispatcher.php(43): Illuminate\\Routing\\Controller->callAction('page', Array)
#12 F:\\web\\kinhdoanhcafe.com.vn\\vendor\\laravel\\framework\\src\\Illuminate\\Routing\\Route.php(259): Illuminate\\Routing\\ControllerDispatcher->dispatch(Object(Illuminate\\Routing\\Route), Object(App\\Http\\Controllers\\PageController), 'page')
#13 F:\\web\\kinhdoanhcafe.com.vn\\vendor\\laravel\\framework\\src\\Illuminate\\Routing\\Route.php(205): Illuminate\\Routing\\Route->runController()
#14 F:\\web\\kinhdoanhcafe.com.vn\\vendor\\laravel\\framework\\src\\Illuminate\\Routing\\Router.php(806): Illuminate\\Routing\\Route->run()
#15 F:\\web\\kinhdoanhcafe.com.vn\\vendor\\laravel\\framework\\src\\Illuminate\\Pipeline\\Pipeline.php(144): Illuminate\\Routing\\Router->Illuminate\\Routing\\{closure}(Object(Illuminate\\Http\\Request))
#16 F:\\web\\kinhdoanhcafe.com.vn\\app\\Http\\Middleware\\VerifyPhone.php(21): Illuminate\\Pipeline\\Pipeline->Illuminate\\Pipeline\\{closure}(Object(Illuminate\\Http\\Request))
#17 F:\\web\\kinhdoanhcafe.com.vn\\vendor\\laravel\\framework\\src\\Illuminate\\Pipeline\\Pipeline.php(183): App\\Http\\Middleware\\VerifyPhone->handle(Object(Illuminate\\Http\\Request), Object(Closure))
#18 F:\\web\\kinhdoanhcafe.com.vn\\app\\Http\\Middleware\\Currency.php(22): Illuminate\\Pipeline\\Pipeline->Illuminate\\Pipeline\\{closure}(Object(Illuminate\\Http\\Request))
#19 F:\\web\\kinhdoanhcafe.com.vn\\vendor\\laravel\\framework\\src\\Illuminate\\Pipeline\\Pipeline.php(183): App\\Http\\Middleware\\Currency->handle(Object(Illuminate\\Http\\Request), Object(Closure))
#20 F:\\web\\kinhdoanhcafe.com.vn\\vendor\\laravel\\framework\\src\\Illuminate\\Routing\\Middleware\\SubstituteBindings.php(50): Illuminate\\Pipeline\\Pipeline->Illuminate\\Pipeline\\{closure}(Object(Illuminate\\Http\\Request))
#21 F:\\web\\kinhdoanhcafe.com.vn\\vendor\\laravel\\framework\\src\\Illuminate\\Pipeline\\Pipeline.php(183): Illuminate\\Routing\\Middleware\\SubstituteBindings->handle(Object(Illuminate\\Http\\Request), Object(Closure))
#22 F:\\web\\kinhdoanhcafe.com.vn\\vendor\\laravel\\framework\\src\\Illuminate\\Foundation\\Http\\Middleware\\VerifyCsrfToken.php(78): Illuminate\\Pipeline\\Pipeline->Illuminate\\Pipeline\\{closure}(Object(Illuminate\\Http\\Request))
#23 F:\\web\\kinhdoanhcafe.com.vn\\vendor\\laravel\\framework\\src\\Illuminate\\Pipeline\\Pipeline.php(183): Illuminate\\Foundation\\Http\\Middleware\\VerifyCsrfToken->handle(Object(Illuminate\\Http\\Request), Object(Closure))
#24 F:\\web\\kinhdoanhcafe.com.vn\\vendor\\laravel\\framework\\src\\Illuminate\\View\\Middleware\\ShareErrorsFromSession.php(49): Illuminate\\Pipeline\\Pipeline->Illuminate\\Pipeline\\{closure}(Object(Illuminate\\Http\\Request))
#25 F:\\web\\kinhdoanhcafe.com.vn\\vendor\\laravel\\framework\\src\\Illuminate\\Pipeline\\Pipeline.php(183): Illuminate\\View\\Middleware\\ShareErrorsFromSession->handle(Object(Illuminate\\Http\\Request), Object(Closure))
#26 F:\\web\\kinhdoanhcafe.com.vn\\vendor\\codezero\\laravel-localized-routes\\src\\Middleware\\SetLocale.php(42): Illuminate\\Pipeline\\Pipeline->Illuminate\\Pipeline\\{closure}(Object(Illuminate\\Http\\Request))
#27 F:\\web\\kinhdoanhcafe.com.vn\\vendor\\laravel\\framework\\src\\Illuminate\\Pipeline\\Pipeline.php(183): CodeZero\\LocalizedRoutes\\Middleware\\SetLocale->handle(Object(Illuminate\\Http\\Request), Object(Closure))
#28 F:\\web\\kinhdoanhcafe.com.vn\\vendor\\laravel\\framework\\src\\Illuminate\\Session\\Middleware\\StartSession.php(121): Illuminate\\Pipeline\\Pipeline->Illuminate\\Pipeline\\{closure}(Object(Illuminate\\Http\\Request))
#29 F:\\web\\kinhdoanhcafe.com.vn\\vendor\\laravel\\framework\\src\\Illuminate\\Session\\Middleware\\StartSession.php(64): Illuminate\\Session\\Middleware\\StartSession->handleStatefulRequest(Object(Illuminate\\Http\\Request), Object(Illuminate\\Session\\Store), Object(Closure))
#30 F:\\web\\kinhdoanhcafe.com.vn\\vendor\\laravel\\framework\\src\\Illuminate\\Pipeline\\Pipeline.php(183): Illuminate\\Session\\Middleware\\StartSession->handle(Object(Illuminate\\Http\\Request), Object(Closure))
#31 F:\\web\\kinhdoanhcafe.com.vn\\vendor\\laravel\\framework\\src\\Illuminate\\Cookie\\Middleware\\AddQueuedCookiesToResponse.php(37): Illuminate\\Pipeline\\Pipeline->Illuminate\\Pipeline\\{closure}(Object(Illuminate\\Http\\Request))
#32 F:\\web\\kinhdoanhcafe.com.vn\\vendor\\laravel\\framework\\src\\Illuminate\\Pipeline\\Pipeline.php(183): Illuminate\\Cookie\\Middleware\\AddQueuedCookiesToResponse->handle(Object(Illuminate\\Http\\Request), Object(Closure))
#33 F:\\web\\kinhdoanhcafe.com.vn\\vendor\\laravel\\framework\\src\\Illuminate\\Cookie\\Middleware\\EncryptCookies.php(67): Illuminate\\Pipeline\\Pipeline->Illuminate\\Pipeline\\{closure}(Object(Illuminate\\Http\\Request))
#34 F:\\web\\kinhdoanhcafe.com.vn\\vendor\\laravel\\framework\\src\\Illuminate\\Pipeline\\Pipeline.php(183): Illuminate\\Cookie\\Middleware\\EncryptCookies->handle(Object(Illuminate\\Http\\Request), Object(Closure))
#35 F:\\web\\kinhdoanhcafe.com.vn\\vendor\\laravel\\framework\\src\\Illuminate\\Pipeline\\Pipeline.php(119): Illuminate\\Pipeline\\Pipeline->Illuminate\\Pipeline\\{closure}(Object(Illuminate\\Http\\Request))
#36 F:\\web\\kinhdoanhcafe.com.vn\\vendor\\laravel\\framework\\src\\Illuminate\\Routing\\Router.php(805): Illuminate\\Pipeline\\Pipeline->then(Object(Closure))
#37 F:\\web\\kinhdoanhcafe.com.vn\\vendor\\laravel\\framework\\src\\Illuminate\\Routing\\Router.php(784): Illuminate\\Routing\\Router->runRouteWithinStack(Object(Illuminate\\Routing\\Route), Object(Illuminate\\Http\\Request))
#38 F:\\web\\kinhdoanhcafe.com.vn\\vendor\\laravel\\framework\\src\\Illuminate\\Routing\\Router.php(748): Illuminate\\Routing\\Router->runRoute(Object(Illuminate\\Http\\Request), Object(Illuminate\\Routing\\Route))
#39 F:\\web\\kinhdoanhcafe.com.vn\\vendor\\laravel\\framework\\src\\Illuminate\\Routing\\Router.php(737): Illuminate\\Routing\\Router->dispatchToRoute(Object(Illuminate\\Http\\Request))
#40 F:\\web\\kinhdoanhcafe.com.vn\\vendor\\laravel\\framework\\src\\Illuminate\\Foundation\\Http\\Kernel.php(200): Illuminate\\Routing\\Router->dispatch(Object(Illuminate\\Http\\Request))
#41 F:\\web\\kinhdoanhcafe.com.vn\\vendor\\laravel\\framework\\src\\Illuminate\\Pipeline\\Pipeline.php(144): Illuminate\\Foundation\\Http\\Kernel->Illuminate\\Foundation\\Http\\{closure}(Object(Illuminate\\Http\\Request))
#42 F:\\web\\kinhdoanhcafe.com.vn\\vendor\\barryvdh\\laravel-debugbar\\src\\Middleware\\InjectDebugbar.php(59): Illuminate\\Pipeline\\Pipeline->Illuminate\\Pipeline\\{closure}(Object(Illuminate\\Http\\Request))
#43 F:\\web\\kinhdoanhcafe.com.vn\\vendor\\laravel\\framework\\src\\Illuminate\\Pipeline\\Pipeline.php(183): Barryvdh\\Debugbar\\Middleware\\InjectDebugbar->handle(Object(Illuminate\\Http\\Request), Object(Closure))
#44 F:\\web\\kinhdoanhcafe.com.vn\\vendor\\laravel\\framework\\src\\Illuminate\\Foundation\\Http\\Middleware\\TransformsRequest.php(21): Illuminate\\Pipeline\\Pipeline->Illuminate\\Pipeline\\{closure}(Object(Illuminate\\Http\\Request))
#45 F:\\web\\kinhdoanhcafe.com.vn\\vendor\\laravel\\framework\\src\\Illuminate\\Foundation\\Http\\Middleware\\ConvertEmptyStringsToNull.php(31): Illuminate\\Foundation\\Http\\Middleware\\TransformsRequest->handle(Object(Illuminate\\Http\\Request), Object(Closure))
#46 F:\\web\\kinhdoanhcafe.com.vn\\vendor\\laravel\\framework\\src\\Illuminate\\Pipeline\\Pipeline.php(183): Illuminate\\Foundation\\Http\\Middleware\\ConvertEmptyStringsToNull->handle(Object(Illuminate\\Http\\Request), Object(Closure))
#47 F:\\web\\kinhdoanhcafe.com.vn\\vendor\\laravel\\framework\\src\\Illuminate\\Foundation\\Http\\Middleware\\TransformsRequest.php(21): Illuminate\\Pipeline\\Pipeline->Illuminate\\Pipeline\\{closure}(Object(Illuminate\\Http\\Request))
#48 F:\\web\\kinhdoanhcafe.com.vn\\vendor\\laravel\\framework\\src\\Illuminate\\Foundation\\Http\\Middleware\\TrimStrings.php(40): Illuminate\\Foundation\\Http\\Middleware\\TransformsRequest->handle(Object(Illuminate\\Http\\Request), Object(Closure))
#49 F:\\web\\kinhdoanhcafe.com.vn\\vendor\\laravel\\framework\\src\\Illuminate\\Pipeline\\Pipeline.php(183): Illuminate\\Foundation\\Http\\Middleware\\TrimStrings->handle(Object(Illuminate\\Http\\Request), Object(Closure))
#50 F:\\web\\kinhdoanhcafe.com.vn\\vendor\\laravel\\framework\\src\\Illuminate\\Foundation\\Http\\Middleware\\ValidatePostSize.php(27): Illuminate\\Pipeline\\Pipeline->Illuminate\\Pipeline\\{closure}(Object(Illuminate\\Http\\Request))
#51 F:\\web\\kinhdoanhcafe.com.vn\\vendor\\laravel\\framework\\src\\Illuminate\\Pipeline\\Pipeline.php(183): Illuminate\\Foundation\\Http\\Middleware\\ValidatePostSize->handle(Object(Illuminate\\Http\\Request), Object(Closure))
#52 F:\\web\\kinhdoanhcafe.com.vn\\vendor\\laravel\\framework\\src\\Illuminate\\Foundation\\Http\\Middleware\\PreventRequestsDuringMaintenance.php(99): Illuminate\\Pipeline\\Pipeline->Illuminate\\Pipeline\\{closure}(Object(Illuminate\\Http\\Request))
#53 F:\\web\\kinhdoanhcafe.com.vn\\vendor\\laravel\\framework\\src\\Illuminate\\Pipeline\\Pipeline.php(183): Illuminate\\Foundation\\Http\\Middleware\\PreventRequestsDuringMaintenance->handle(Object(Illuminate\\Http\\Request), Object(Closure))
#54 F:\\web\\kinhdoanhcafe.com.vn\\vendor\\laravel\\framework\\src\\Illuminate\\Http\\Middleware\\TrustProxies.php(39): Illuminate\\Pipeline\\Pipeline->Illuminate\\Pipeline\\{closure}(Object(Illuminate\\Http\\Request))
#55 F:\\web\\kinhdoanhcafe.com.vn\\vendor\\laravel\\framework\\src\\Illuminate\\Pipeline\\Pipeline.php(183): Illuminate\\Http\\Middleware\\TrustProxies->handle(Object(Illuminate\\Http\\Request), Object(Closure))
#56 F:\\web\\kinhdoanhcafe.com.vn\\vendor\\laravel\\framework\\src\\Illuminate\\Pipeline\\Pipeline.php(119): Illuminate\\Pipeline\\Pipeline->Illuminate\\Pipeline\\{closure}(Object(Illuminate\\Http\\Request))
#57 F:\\web\\kinhdoanhcafe.com.vn\\vendor\\laravel\\framework\\src\\Illuminate\\Foundation\\Http\\Kernel.php(175): Illuminate\\Pipeline\\Pipeline->then(Object(Closure))
#58 F:\\web\\kinhdoanhcafe.com.vn\\vendor\\laravel\\framework\\src\\Illuminate\\Foundation\\Http\\Kernel.php(144): Illuminate\\Foundation\\Http\\Kernel->sendRequestThroughRouter(Object(Illuminate\\Http\\Request))
#59 F:\\web\\kinhdoanhcafe.com.vn\\public\\index.php(52): Illuminate\\Foundation\\Http\\Kernel->handle(Object(Illuminate\\Http\\Request))
#60 {main}
"} 
