[2024-02-09 21:48:20] local.ERROR: Uncaught Error: Class "Zizaco\Entrust\EntrustPermission" not found in F:\web\kinhdoanhcafe.com.vn\app\Models\Permission.php:7
Stack trace:
#0 F:\web\kinhdoanhcafe.com.vn\vendor\composer\ClassLoader.php(576): include()
#1 F:\web\kinhdoanhcafe.com.vn\vendor\composer\ClassLoader.php(427): Composer\Autoload\{closure}()
#2 [internal function]: Composer\Autoload\ClassLoader->loadClass()
#3 Command line code(1): class_exists()
#4 [internal function]: {closure}()
#5 Command line code(1): array_filter()
#6 {main}
  thrown {"exception":"[object] (Symfony\\Component\\ErrorHandler\\Error\\FatalError(code: 0): Uncaught Error: Class \"Zizaco\\Entrust\\EntrustPermission\" not found in F:\\web\\kinhdoanhcafe.com.vn\\app\\Models\\Permission.php:7
Stack trace:
#0 F:\\web\\kinhdoanhcafe.com.vn\\vendor\\composer\\ClassLoader.php(576): include()
#1 F:\\web\\kinhdoanhcafe.com.vn\\vendor\\composer\\ClassLoader.php(427): Composer\\Autoload\\{closure}()
#2 [internal function]: Composer\\Autoload\\ClassLoader->loadClass()
#3 Command line code(1): class_exists()
#4 [internal function]: {closure}()
#5 Command line code(1): array_filter()
#6 {main}
  thrown at F:\\web\\kinhdoanhcafe.com.vn\\app\\Models\\Permission.php:7)
[stacktrace]
#0 {main}
"} 
[2024-02-09 21:49:07] local.ERROR: Uncaught Error: Class "Zizaco\Entrust\EntrustPermission" not found in F:\web\kinhdoanhcafe.com.vn\app\Models\Permission.php:7
Stack trace:
#0 F:\web\kinhdoanhcafe.com.vn\vendor\composer\ClassLoader.php(576): include()
#1 F:\web\kinhdoanhcafe.com.vn\vendor\composer\ClassLoader.php(427): Composer\Autoload\{closure}()
#2 [internal function]: Composer\Autoload\ClassLoader->loadClass()
#3 Command line code(1): class_exists()
#4 [internal function]: {closure}()
#5 Command line code(1): array_filter()
#6 {main}
  thrown {"exception":"[object] (Symfony\\Component\\ErrorHandler\\Error\\FatalError(code: 0): Uncaught Error: Class \"Zizaco\\Entrust\\EntrustPermission\" not found in F:\\web\\kinhdoanhcafe.com.vn\\app\\Models\\Permission.php:7
Stack trace:
#0 F:\\web\\kinhdoanhcafe.com.vn\\vendor\\composer\\ClassLoader.php(576): include()
#1 F:\\web\\kinhdoanhcafe.com.vn\\vendor\\composer\\ClassLoader.php(427): Composer\\Autoload\\{closure}()
#2 [internal function]: Composer\\Autoload\\ClassLoader->loadClass()
#3 Command line code(1): class_exists()
#4 [internal function]: {closure}()
#5 Command line code(1): array_filter()
#6 {main}
  thrown at F:\\web\\kinhdoanhcafe.com.vn\\app\\Models\\Permission.php:7)
[stacktrace]
#0 {main}
"} 
[2024-02-09 21:50:07] local.ERROR: Uncaught Error: Class "Zizaco\Entrust\EntrustPermission" not found in F:\web\kinhdoanhcafe.com.vn\app\Models\Permission.php:7
Stack trace:
#0 F:\web\kinhdoanhcafe.com.vn\vendor\composer\ClassLoader.php(576): include()
#1 F:\web\kinhdoanhcafe.com.vn\vendor\composer\ClassLoader.php(427): Composer\Autoload\{closure}()
#2 [internal function]: Composer\Autoload\ClassLoader->loadClass()
#3 Command line code(1): class_exists()
#4 [internal function]: {closure}()
#5 Command line code(1): array_filter()
#6 {main}
  thrown {"exception":"[object] (Symfony\\Component\\ErrorHandler\\Error\\FatalError(code: 0): Uncaught Error: Class \"Zizaco\\Entrust\\EntrustPermission\" not found in F:\\web\\kinhdoanhcafe.com.vn\\app\\Models\\Permission.php:7
Stack trace:
#0 F:\\web\\kinhdoanhcafe.com.vn\\vendor\\composer\\ClassLoader.php(576): include()
#1 F:\\web\\kinhdoanhcafe.com.vn\\vendor\\composer\\ClassLoader.php(427): Composer\\Autoload\\{closure}()
#2 [internal function]: Composer\\Autoload\\ClassLoader->loadClass()
#3 Command line code(1): class_exists()
#4 [internal function]: {closure}()
#5 Command line code(1): array_filter()
#6 {main}
  thrown at F:\\web\\kinhdoanhcafe.com.vn\\app\\Models\\Permission.php:7)
[stacktrace]
#0 {main}
"} 
[2024-02-09 21:51:07] local.ERROR: Uncaught Error: Class "Zizaco\Entrust\EntrustPermission" not found in F:\web\kinhdoanhcafe.com.vn\app\Models\Permission.php:7
Stack trace:
#0 F:\web\kinhdoanhcafe.com.vn\vendor\composer\ClassLoader.php(576): include()
#1 F:\web\kinhdoanhcafe.com.vn\vendor\composer\ClassLoader.php(427): Composer\Autoload\{closure}()
#2 [internal function]: Composer\Autoload\ClassLoader->loadClass()
#3 Command line code(1): class_exists()
#4 [internal function]: {closure}()
#5 Command line code(1): array_filter()
#6 {main}
  thrown {"exception":"[object] (Symfony\\Component\\ErrorHandler\\Error\\FatalError(code: 0): Uncaught Error: Class \"Zizaco\\Entrust\\EntrustPermission\" not found in F:\\web\\kinhdoanhcafe.com.vn\\app\\Models\\Permission.php:7
Stack trace:
#0 F:\\web\\kinhdoanhcafe.com.vn\\vendor\\composer\\ClassLoader.php(576): include()
#1 F:\\web\\kinhdoanhcafe.com.vn\\vendor\\composer\\ClassLoader.php(427): Composer\\Autoload\\{closure}()
#2 [internal function]: Composer\\Autoload\\ClassLoader->loadClass()
#3 Command line code(1): class_exists()
#4 [internal function]: {closure}()
#5 Command line code(1): array_filter()
#6 {main}
  thrown at F:\\web\\kinhdoanhcafe.com.vn\\app\\Models\\Permission.php:7)
[stacktrace]
#0 {main}
"} 
[2024-02-09 21:52:07] local.ERROR: Uncaught Error: Class "Zizaco\Entrust\EntrustPermission" not found in F:\web\kinhdoanhcafe.com.vn\app\Models\Permission.php:7
Stack trace:
#0 F:\web\kinhdoanhcafe.com.vn\vendor\composer\ClassLoader.php(576): include()
#1 F:\web\kinhdoanhcafe.com.vn\vendor\composer\ClassLoader.php(427): Composer\Autoload\{closure}()
#2 [internal function]: Composer\Autoload\ClassLoader->loadClass()
#3 Command line code(1): class_exists()
#4 [internal function]: {closure}()
#5 Command line code(1): array_filter()
#6 {main}
  thrown {"exception":"[object] (Symfony\\Component\\ErrorHandler\\Error\\FatalError(code: 0): Uncaught Error: Class \"Zizaco\\Entrust\\EntrustPermission\" not found in F:\\web\\kinhdoanhcafe.com.vn\\app\\Models\\Permission.php:7
Stack trace:
#0 F:\\web\\kinhdoanhcafe.com.vn\\vendor\\composer\\ClassLoader.php(576): include()
#1 F:\\web\\kinhdoanhcafe.com.vn\\vendor\\composer\\ClassLoader.php(427): Composer\\Autoload\\{closure}()
#2 [internal function]: Composer\\Autoload\\ClassLoader->loadClass()
#3 Command line code(1): class_exists()
#4 [internal function]: {closure}()
#5 Command line code(1): array_filter()
#6 {main}
  thrown at F:\\web\\kinhdoanhcafe.com.vn\\app\\Models\\Permission.php:7)
[stacktrace]
#0 {main}
"} 
[2024-02-09 21:53:07] local.ERROR: Uncaught Error: Class "Zizaco\Entrust\EntrustPermission" not found in F:\web\kinhdoanhcafe.com.vn\app\Models\Permission.php:7
Stack trace:
#0 F:\web\kinhdoanhcafe.com.vn\vendor\composer\ClassLoader.php(576): include()
#1 F:\web\kinhdoanhcafe.com.vn\vendor\composer\ClassLoader.php(427): Composer\Autoload\{closure}()
#2 [internal function]: Composer\Autoload\ClassLoader->loadClass()
#3 Command line code(1): class_exists()
#4 [internal function]: {closure}()
#5 Command line code(1): array_filter()
#6 {main}
  thrown {"exception":"[object] (Symfony\\Component\\ErrorHandler\\Error\\FatalError(code: 0): Uncaught Error: Class \"Zizaco\\Entrust\\EntrustPermission\" not found in F:\\web\\kinhdoanhcafe.com.vn\\app\\Models\\Permission.php:7
Stack trace:
#0 F:\\web\\kinhdoanhcafe.com.vn\\vendor\\composer\\ClassLoader.php(576): include()
#1 F:\\web\\kinhdoanhcafe.com.vn\\vendor\\composer\\ClassLoader.php(427): Composer\\Autoload\\{closure}()
#2 [internal function]: Composer\\Autoload\\ClassLoader->loadClass()
#3 Command line code(1): class_exists()
#4 [internal function]: {closure}()
#5 Command line code(1): array_filter()
#6 {main}
  thrown at F:\\web\\kinhdoanhcafe.com.vn\\app\\Models\\Permission.php:7)
[stacktrace]
#0 {main}
"} 
[2024-02-09 21:54:07] local.ERROR: Uncaught Error: Class "Zizaco\Entrust\EntrustPermission" not found in F:\web\kinhdoanhcafe.com.vn\app\Models\Permission.php:7
Stack trace:
#0 F:\web\kinhdoanhcafe.com.vn\vendor\composer\ClassLoader.php(576): include()
#1 F:\web\kinhdoanhcafe.com.vn\vendor\composer\ClassLoader.php(427): Composer\Autoload\{closure}()
#2 [internal function]: Composer\Autoload\ClassLoader->loadClass()
#3 Command line code(1): class_exists()
#4 [internal function]: {closure}()
#5 Command line code(1): array_filter()
#6 {main}
  thrown {"exception":"[object] (Symfony\\Component\\ErrorHandler\\Error\\FatalError(code: 0): Uncaught Error: Class \"Zizaco\\Entrust\\EntrustPermission\" not found in F:\\web\\kinhdoanhcafe.com.vn\\app\\Models\\Permission.php:7
Stack trace:
#0 F:\\web\\kinhdoanhcafe.com.vn\\vendor\\composer\\ClassLoader.php(576): include()
#1 F:\\web\\kinhdoanhcafe.com.vn\\vendor\\composer\\ClassLoader.php(427): Composer\\Autoload\\{closure}()
#2 [internal function]: Composer\\Autoload\\ClassLoader->loadClass()
#3 Command line code(1): class_exists()
#4 [internal function]: {closure}()
#5 Command line code(1): array_filter()
#6 {main}
  thrown at F:\\web\\kinhdoanhcafe.com.vn\\app\\Models\\Permission.php:7)
[stacktrace]
#0 {main}
"} 
[2024-02-09 21:55:07] local.ERROR: Uncaught Error: Class "Zizaco\Entrust\EntrustPermission" not found in F:\web\kinhdoanhcafe.com.vn\app\Models\Permission.php:7
Stack trace:
#0 F:\web\kinhdoanhcafe.com.vn\vendor\composer\ClassLoader.php(576): include()
#1 F:\web\kinhdoanhcafe.com.vn\vendor\composer\ClassLoader.php(427): Composer\Autoload\{closure}()
#2 [internal function]: Composer\Autoload\ClassLoader->loadClass()
#3 Command line code(1): class_exists()
#4 [internal function]: {closure}()
#5 Command line code(1): array_filter()
#6 {main}
  thrown {"exception":"[object] (Symfony\\Component\\ErrorHandler\\Error\\FatalError(code: 0): Uncaught Error: Class \"Zizaco\\Entrust\\EntrustPermission\" not found in F:\\web\\kinhdoanhcafe.com.vn\\app\\Models\\Permission.php:7
Stack trace:
#0 F:\\web\\kinhdoanhcafe.com.vn\\vendor\\composer\\ClassLoader.php(576): include()
#1 F:\\web\\kinhdoanhcafe.com.vn\\vendor\\composer\\ClassLoader.php(427): Composer\\Autoload\\{closure}()
#2 [internal function]: Composer\\Autoload\\ClassLoader->loadClass()
#3 Command line code(1): class_exists()
#4 [internal function]: {closure}()
#5 Command line code(1): array_filter()
#6 {main}
  thrown at F:\\web\\kinhdoanhcafe.com.vn\\app\\Models\\Permission.php:7)
[stacktrace]
#0 {main}
"} 
[2024-02-09 21:56:07] local.ERROR: Uncaught Error: Class "Zizaco\Entrust\EntrustPermission" not found in F:\web\kinhdoanhcafe.com.vn\app\Models\Permission.php:7
Stack trace:
#0 F:\web\kinhdoanhcafe.com.vn\vendor\composer\ClassLoader.php(576): include()
#1 F:\web\kinhdoanhcafe.com.vn\vendor\composer\ClassLoader.php(427): Composer\Autoload\{closure}()
#2 [internal function]: Composer\Autoload\ClassLoader->loadClass()
#3 Command line code(1): class_exists()
#4 [internal function]: {closure}()
#5 Command line code(1): array_filter()
#6 {main}
  thrown {"exception":"[object] (Symfony\\Component\\ErrorHandler\\Error\\FatalError(code: 0): Uncaught Error: Class \"Zizaco\\Entrust\\EntrustPermission\" not found in F:\\web\\kinhdoanhcafe.com.vn\\app\\Models\\Permission.php:7
Stack trace:
#0 F:\\web\\kinhdoanhcafe.com.vn\\vendor\\composer\\ClassLoader.php(576): include()
#1 F:\\web\\kinhdoanhcafe.com.vn\\vendor\\composer\\ClassLoader.php(427): Composer\\Autoload\\{closure}()
#2 [internal function]: Composer\\Autoload\\ClassLoader->loadClass()
#3 Command line code(1): class_exists()
#4 [internal function]: {closure}()
#5 Command line code(1): array_filter()
#6 {main}
  thrown at F:\\web\\kinhdoanhcafe.com.vn\\app\\Models\\Permission.php:7)
[stacktrace]
#0 {main}
"} 
[2024-02-09 21:57:07] local.ERROR: Uncaught Error: Class "Zizaco\Entrust\EntrustPermission" not found in F:\web\kinhdoanhcafe.com.vn\app\Models\Permission.php:7
Stack trace:
#0 F:\web\kinhdoanhcafe.com.vn\vendor\composer\ClassLoader.php(576): include()
#1 F:\web\kinhdoanhcafe.com.vn\vendor\composer\ClassLoader.php(427): Composer\Autoload\{closure}()
#2 [internal function]: Composer\Autoload\ClassLoader->loadClass()
#3 Command line code(1): class_exists()
#4 [internal function]: {closure}()
#5 Command line code(1): array_filter()
#6 {main}
  thrown {"exception":"[object] (Symfony\\Component\\ErrorHandler\\Error\\FatalError(code: 0): Uncaught Error: Class \"Zizaco\\Entrust\\EntrustPermission\" not found in F:\\web\\kinhdoanhcafe.com.vn\\app\\Models\\Permission.php:7
Stack trace:
#0 F:\\web\\kinhdoanhcafe.com.vn\\vendor\\composer\\ClassLoader.php(576): include()
#1 F:\\web\\kinhdoanhcafe.com.vn\\vendor\\composer\\ClassLoader.php(427): Composer\\Autoload\\{closure}()
#2 [internal function]: Composer\\Autoload\\ClassLoader->loadClass()
#3 Command line code(1): class_exists()
#4 [internal function]: {closure}()
#5 Command line code(1): array_filter()
#6 {main}
  thrown at F:\\web\\kinhdoanhcafe.com.vn\\app\\Models\\Permission.php:7)
[stacktrace]
#0 {main}
"} 
[2024-02-09 21:58:07] local.ERROR: Uncaught Error: Class "Zizaco\Entrust\EntrustPermission" not found in F:\web\kinhdoanhcafe.com.vn\app\Models\Permission.php:7
Stack trace:
#0 F:\web\kinhdoanhcafe.com.vn\vendor\composer\ClassLoader.php(576): include()
#1 F:\web\kinhdoanhcafe.com.vn\vendor\composer\ClassLoader.php(427): Composer\Autoload\{closure}()
#2 [internal function]: Composer\Autoload\ClassLoader->loadClass()
#3 Command line code(1): class_exists()
#4 [internal function]: {closure}()
#5 Command line code(1): array_filter()
#6 {main}
  thrown {"exception":"[object] (Symfony\\Component\\ErrorHandler\\Error\\FatalError(code: 0): Uncaught Error: Class \"Zizaco\\Entrust\\EntrustPermission\" not found in F:\\web\\kinhdoanhcafe.com.vn\\app\\Models\\Permission.php:7
Stack trace:
#0 F:\\web\\kinhdoanhcafe.com.vn\\vendor\\composer\\ClassLoader.php(576): include()
#1 F:\\web\\kinhdoanhcafe.com.vn\\vendor\\composer\\ClassLoader.php(427): Composer\\Autoload\\{closure}()
#2 [internal function]: Composer\\Autoload\\ClassLoader->loadClass()
#3 Command line code(1): class_exists()
#4 [internal function]: {closure}()
#5 Command line code(1): array_filter()
#6 {main}
  thrown at F:\\web\\kinhdoanhcafe.com.vn\\app\\Models\\Permission.php:7)
[stacktrace]
#0 {main}
"} 
[2024-02-09 21:59:07] local.ERROR: Uncaught Error: Class "Zizaco\Entrust\EntrustPermission" not found in F:\web\kinhdoanhcafe.com.vn\app\Models\Permission.php:7
Stack trace:
#0 F:\web\kinhdoanhcafe.com.vn\vendor\composer\ClassLoader.php(576): include()
#1 F:\web\kinhdoanhcafe.com.vn\vendor\composer\ClassLoader.php(427): Composer\Autoload\{closure}()
#2 [internal function]: Composer\Autoload\ClassLoader->loadClass()
#3 Command line code(1): class_exists()
#4 [internal function]: {closure}()
#5 Command line code(1): array_filter()
#6 {main}
  thrown {"exception":"[object] (Symfony\\Component\\ErrorHandler\\Error\\FatalError(code: 0): Uncaught Error: Class \"Zizaco\\Entrust\\EntrustPermission\" not found in F:\\web\\kinhdoanhcafe.com.vn\\app\\Models\\Permission.php:7
Stack trace:
#0 F:\\web\\kinhdoanhcafe.com.vn\\vendor\\composer\\ClassLoader.php(576): include()
#1 F:\\web\\kinhdoanhcafe.com.vn\\vendor\\composer\\ClassLoader.php(427): Composer\\Autoload\\{closure}()
#2 [internal function]: Composer\\Autoload\\ClassLoader->loadClass()
#3 Command line code(1): class_exists()
#4 [internal function]: {closure}()
#5 Command line code(1): array_filter()
#6 {main}
  thrown at F:\\web\\kinhdoanhcafe.com.vn\\app\\Models\\Permission.php:7)
[stacktrace]
#0 {main}
"} 
[2024-02-09 22:00:07] local.ERROR: Uncaught Error: Class "Zizaco\Entrust\EntrustPermission" not found in F:\web\kinhdoanhcafe.com.vn\app\Models\Permission.php:7
Stack trace:
#0 F:\web\kinhdoanhcafe.com.vn\vendor\composer\ClassLoader.php(576): include()
#1 F:\web\kinhdoanhcafe.com.vn\vendor\composer\ClassLoader.php(427): Composer\Autoload\{closure}()
#2 [internal function]: Composer\Autoload\ClassLoader->loadClass()
#3 Command line code(1): class_exists()
#4 [internal function]: {closure}()
#5 Command line code(1): array_filter()
#6 {main}
  thrown {"exception":"[object] (Symfony\\Component\\ErrorHandler\\Error\\FatalError(code: 0): Uncaught Error: Class \"Zizaco\\Entrust\\EntrustPermission\" not found in F:\\web\\kinhdoanhcafe.com.vn\\app\\Models\\Permission.php:7
Stack trace:
#0 F:\\web\\kinhdoanhcafe.com.vn\\vendor\\composer\\ClassLoader.php(576): include()
#1 F:\\web\\kinhdoanhcafe.com.vn\\vendor\\composer\\ClassLoader.php(427): Composer\\Autoload\\{closure}()
#2 [internal function]: Composer\\Autoload\\ClassLoader->loadClass()
#3 Command line code(1): class_exists()
#4 [internal function]: {closure}()
#5 Command line code(1): array_filter()
#6 {main}
  thrown at F:\\web\\kinhdoanhcafe.com.vn\\app\\Models\\Permission.php:7)
[stacktrace]
#0 {main}
"} 
[2024-02-09 22:01:07] local.ERROR: Uncaught Error: Class "Zizaco\Entrust\EntrustPermission" not found in F:\web\kinhdoanhcafe.com.vn\app\Models\Permission.php:7
Stack trace:
#0 F:\web\kinhdoanhcafe.com.vn\vendor\composer\ClassLoader.php(576): include()
#1 F:\web\kinhdoanhcafe.com.vn\vendor\composer\ClassLoader.php(427): Composer\Autoload\{closure}()
#2 [internal function]: Composer\Autoload\ClassLoader->loadClass()
#3 Command line code(1): class_exists()
#4 [internal function]: {closure}()
#5 Command line code(1): array_filter()
#6 {main}
  thrown {"exception":"[object] (Symfony\\Component\\ErrorHandler\\Error\\FatalError(code: 0): Uncaught Error: Class \"Zizaco\\Entrust\\EntrustPermission\" not found in F:\\web\\kinhdoanhcafe.com.vn\\app\\Models\\Permission.php:7
Stack trace:
#0 F:\\web\\kinhdoanhcafe.com.vn\\vendor\\composer\\ClassLoader.php(576): include()
#1 F:\\web\\kinhdoanhcafe.com.vn\\vendor\\composer\\ClassLoader.php(427): Composer\\Autoload\\{closure}()
#2 [internal function]: Composer\\Autoload\\ClassLoader->loadClass()
#3 Command line code(1): class_exists()
#4 [internal function]: {closure}()
#5 Command line code(1): array_filter()
#6 {main}
  thrown at F:\\web\\kinhdoanhcafe.com.vn\\app\\Models\\Permission.php:7)
[stacktrace]
#0 {main}
"} 
[2024-02-09 22:02:07] local.ERROR: Uncaught Error: Class "Zizaco\Entrust\EntrustPermission" not found in F:\web\kinhdoanhcafe.com.vn\app\Models\Permission.php:7
Stack trace:
#0 F:\web\kinhdoanhcafe.com.vn\vendor\composer\ClassLoader.php(576): include()
#1 F:\web\kinhdoanhcafe.com.vn\vendor\composer\ClassLoader.php(427): Composer\Autoload\{closure}()
#2 [internal function]: Composer\Autoload\ClassLoader->loadClass()
#3 Command line code(1): class_exists()
#4 [internal function]: {closure}()
#5 Command line code(1): array_filter()
#6 {main}
  thrown {"exception":"[object] (Symfony\\Component\\ErrorHandler\\Error\\FatalError(code: 0): Uncaught Error: Class \"Zizaco\\Entrust\\EntrustPermission\" not found in F:\\web\\kinhdoanhcafe.com.vn\\app\\Models\\Permission.php:7
Stack trace:
#0 F:\\web\\kinhdoanhcafe.com.vn\\vendor\\composer\\ClassLoader.php(576): include()
#1 F:\\web\\kinhdoanhcafe.com.vn\\vendor\\composer\\ClassLoader.php(427): Composer\\Autoload\\{closure}()
#2 [internal function]: Composer\\Autoload\\ClassLoader->loadClass()
#3 Command line code(1): class_exists()
#4 [internal function]: {closure}()
#5 Command line code(1): array_filter()
#6 {main}
  thrown at F:\\web\\kinhdoanhcafe.com.vn\\app\\Models\\Permission.php:7)
[stacktrace]
#0 {main}
"} 
[2024-02-09 22:03:07] local.ERROR: Uncaught Error: Class "Zizaco\Entrust\EntrustPermission" not found in F:\web\kinhdoanhcafe.com.vn\app\Models\Permission.php:7
Stack trace:
#0 F:\web\kinhdoanhcafe.com.vn\vendor\composer\ClassLoader.php(576): include()
#1 F:\web\kinhdoanhcafe.com.vn\vendor\composer\ClassLoader.php(427): Composer\Autoload\{closure}()
#2 [internal function]: Composer\Autoload\ClassLoader->loadClass()
#3 Command line code(1): class_exists()
#4 [internal function]: {closure}()
#5 Command line code(1): array_filter()
#6 {main}
  thrown {"exception":"[object] (Symfony\\Component\\ErrorHandler\\Error\\FatalError(code: 0): Uncaught Error: Class \"Zizaco\\Entrust\\EntrustPermission\" not found in F:\\web\\kinhdoanhcafe.com.vn\\app\\Models\\Permission.php:7
Stack trace:
#0 F:\\web\\kinhdoanhcafe.com.vn\\vendor\\composer\\ClassLoader.php(576): include()
#1 F:\\web\\kinhdoanhcafe.com.vn\\vendor\\composer\\ClassLoader.php(427): Composer\\Autoload\\{closure}()
#2 [internal function]: Composer\\Autoload\\ClassLoader->loadClass()
#3 Command line code(1): class_exists()
#4 [internal function]: {closure}()
#5 Command line code(1): array_filter()
#6 {main}
  thrown at F:\\web\\kinhdoanhcafe.com.vn\\app\\Models\\Permission.php:7)
[stacktrace]
#0 {main}
"} 
[2024-02-09 22:04:07] local.ERROR: Uncaught Error: Class "Zizaco\Entrust\EntrustPermission" not found in F:\web\kinhdoanhcafe.com.vn\app\Models\Permission.php:7
Stack trace:
#0 F:\web\kinhdoanhcafe.com.vn\vendor\composer\ClassLoader.php(576): include()
#1 F:\web\kinhdoanhcafe.com.vn\vendor\composer\ClassLoader.php(427): Composer\Autoload\{closure}()
#2 [internal function]: Composer\Autoload\ClassLoader->loadClass()
#3 Command line code(1): class_exists()
#4 [internal function]: {closure}()
#5 Command line code(1): array_filter()
#6 {main}
  thrown {"exception":"[object] (Symfony\\Component\\ErrorHandler\\Error\\FatalError(code: 0): Uncaught Error: Class \"Zizaco\\Entrust\\EntrustPermission\" not found in F:\\web\\kinhdoanhcafe.com.vn\\app\\Models\\Permission.php:7
Stack trace:
#0 F:\\web\\kinhdoanhcafe.com.vn\\vendor\\composer\\ClassLoader.php(576): include()
#1 F:\\web\\kinhdoanhcafe.com.vn\\vendor\\composer\\ClassLoader.php(427): Composer\\Autoload\\{closure}()
#2 [internal function]: Composer\\Autoload\\ClassLoader->loadClass()
#3 Command line code(1): class_exists()
#4 [internal function]: {closure}()
#5 Command line code(1): array_filter()
#6 {main}
  thrown at F:\\web\\kinhdoanhcafe.com.vn\\app\\Models\\Permission.php:7)
[stacktrace]
#0 {main}
"} 
[2024-02-09 22:05:07] local.ERROR: Uncaught Error: Class "Zizaco\Entrust\EntrustPermission" not found in F:\web\kinhdoanhcafe.com.vn\app\Models\Permission.php:7
Stack trace:
#0 F:\web\kinhdoanhcafe.com.vn\vendor\composer\ClassLoader.php(576): include()
#1 F:\web\kinhdoanhcafe.com.vn\vendor\composer\ClassLoader.php(427): Composer\Autoload\{closure}()
#2 [internal function]: Composer\Autoload\ClassLoader->loadClass()
#3 Command line code(1): class_exists()
#4 [internal function]: {closure}()
#5 Command line code(1): array_filter()
#6 {main}
  thrown {"exception":"[object] (Symfony\\Component\\ErrorHandler\\Error\\FatalError(code: 0): Uncaught Error: Class \"Zizaco\\Entrust\\EntrustPermission\" not found in F:\\web\\kinhdoanhcafe.com.vn\\app\\Models\\Permission.php:7
Stack trace:
#0 F:\\web\\kinhdoanhcafe.com.vn\\vendor\\composer\\ClassLoader.php(576): include()
#1 F:\\web\\kinhdoanhcafe.com.vn\\vendor\\composer\\ClassLoader.php(427): Composer\\Autoload\\{closure}()
#2 [internal function]: Composer\\Autoload\\ClassLoader->loadClass()
#3 Command line code(1): class_exists()
#4 [internal function]: {closure}()
#5 Command line code(1): array_filter()
#6 {main}
  thrown at F:\\web\\kinhdoanhcafe.com.vn\\app\\Models\\Permission.php:7)
[stacktrace]
#0 {main}
"} 
[2024-02-09 22:06:07] local.ERROR: Uncaught Error: Class "Zizaco\Entrust\EntrustPermission" not found in F:\web\kinhdoanhcafe.com.vn\app\Models\Permission.php:7
Stack trace:
#0 F:\web\kinhdoanhcafe.com.vn\vendor\composer\ClassLoader.php(576): include()
#1 F:\web\kinhdoanhcafe.com.vn\vendor\composer\ClassLoader.php(427): Composer\Autoload\{closure}()
#2 [internal function]: Composer\Autoload\ClassLoader->loadClass()
#3 Command line code(1): class_exists()
#4 [internal function]: {closure}()
#5 Command line code(1): array_filter()
#6 {main}
  thrown {"exception":"[object] (Symfony\\Component\\ErrorHandler\\Error\\FatalError(code: 0): Uncaught Error: Class \"Zizaco\\Entrust\\EntrustPermission\" not found in F:\\web\\kinhdoanhcafe.com.vn\\app\\Models\\Permission.php:7
Stack trace:
#0 F:\\web\\kinhdoanhcafe.com.vn\\vendor\\composer\\ClassLoader.php(576): include()
#1 F:\\web\\kinhdoanhcafe.com.vn\\vendor\\composer\\ClassLoader.php(427): Composer\\Autoload\\{closure}()
#2 [internal function]: Composer\\Autoload\\ClassLoader->loadClass()
#3 Command line code(1): class_exists()
#4 [internal function]: {closure}()
#5 Command line code(1): array_filter()
#6 {main}
  thrown at F:\\web\\kinhdoanhcafe.com.vn\\app\\Models\\Permission.php:7)
[stacktrace]
#0 {main}
"} 
[2024-02-09 22:07:07] local.ERROR: Uncaught Error: Class "Zizaco\Entrust\EntrustPermission" not found in F:\web\kinhdoanhcafe.com.vn\app\Models\Permission.php:7
Stack trace:
#0 F:\web\kinhdoanhcafe.com.vn\vendor\composer\ClassLoader.php(576): include()
#1 F:\web\kinhdoanhcafe.com.vn\vendor\composer\ClassLoader.php(427): Composer\Autoload\{closure}()
#2 [internal function]: Composer\Autoload\ClassLoader->loadClass()
#3 Command line code(1): class_exists()
#4 [internal function]: {closure}()
#5 Command line code(1): array_filter()
#6 {main}
  thrown {"exception":"[object] (Symfony\\Component\\ErrorHandler\\Error\\FatalError(code: 0): Uncaught Error: Class \"Zizaco\\Entrust\\EntrustPermission\" not found in F:\\web\\kinhdoanhcafe.com.vn\\app\\Models\\Permission.php:7
Stack trace:
#0 F:\\web\\kinhdoanhcafe.com.vn\\vendor\\composer\\ClassLoader.php(576): include()
#1 F:\\web\\kinhdoanhcafe.com.vn\\vendor\\composer\\ClassLoader.php(427): Composer\\Autoload\\{closure}()
#2 [internal function]: Composer\\Autoload\\ClassLoader->loadClass()
#3 Command line code(1): class_exists()
#4 [internal function]: {closure}()
#5 Command line code(1): array_filter()
#6 {main}
  thrown at F:\\web\\kinhdoanhcafe.com.vn\\app\\Models\\Permission.php:7)
[stacktrace]
#0 {main}
"} 
[2024-02-09 22:08:07] local.ERROR: Uncaught Error: Class "Zizaco\Entrust\EntrustPermission" not found in F:\web\kinhdoanhcafe.com.vn\app\Models\Permission.php:7
Stack trace:
#0 F:\web\kinhdoanhcafe.com.vn\vendor\composer\ClassLoader.php(576): include()
#1 F:\web\kinhdoanhcafe.com.vn\vendor\composer\ClassLoader.php(427): Composer\Autoload\{closure}()
#2 [internal function]: Composer\Autoload\ClassLoader->loadClass()
#3 Command line code(1): class_exists()
#4 [internal function]: {closure}()
#5 Command line code(1): array_filter()
#6 {main}
  thrown {"exception":"[object] (Symfony\\Component\\ErrorHandler\\Error\\FatalError(code: 0): Uncaught Error: Class \"Zizaco\\Entrust\\EntrustPermission\" not found in F:\\web\\kinhdoanhcafe.com.vn\\app\\Models\\Permission.php:7
Stack trace:
#0 F:\\web\\kinhdoanhcafe.com.vn\\vendor\\composer\\ClassLoader.php(576): include()
#1 F:\\web\\kinhdoanhcafe.com.vn\\vendor\\composer\\ClassLoader.php(427): Composer\\Autoload\\{closure}()
#2 [internal function]: Composer\\Autoload\\ClassLoader->loadClass()
#3 Command line code(1): class_exists()
#4 [internal function]: {closure}()
#5 Command line code(1): array_filter()
#6 {main}
  thrown at F:\\web\\kinhdoanhcafe.com.vn\\app\\Models\\Permission.php:7)
[stacktrace]
#0 {main}
"} 
[2024-02-09 22:09:07] local.ERROR: Uncaught Error: Class "Zizaco\Entrust\EntrustPermission" not found in F:\web\kinhdoanhcafe.com.vn\app\Models\Permission.php:7
Stack trace:
#0 F:\web\kinhdoanhcafe.com.vn\vendor\composer\ClassLoader.php(576): include()
#1 F:\web\kinhdoanhcafe.com.vn\vendor\composer\ClassLoader.php(427): Composer\Autoload\{closure}()
#2 [internal function]: Composer\Autoload\ClassLoader->loadClass()
#3 Command line code(1): class_exists()
#4 [internal function]: {closure}()
#5 Command line code(1): array_filter()
#6 {main}
  thrown {"exception":"[object] (Symfony\\Component\\ErrorHandler\\Error\\FatalError(code: 0): Uncaught Error: Class \"Zizaco\\Entrust\\EntrustPermission\" not found in F:\\web\\kinhdoanhcafe.com.vn\\app\\Models\\Permission.php:7
Stack trace:
#0 F:\\web\\kinhdoanhcafe.com.vn\\vendor\\composer\\ClassLoader.php(576): include()
#1 F:\\web\\kinhdoanhcafe.com.vn\\vendor\\composer\\ClassLoader.php(427): Composer\\Autoload\\{closure}()
#2 [internal function]: Composer\\Autoload\\ClassLoader->loadClass()
#3 Command line code(1): class_exists()
#4 [internal function]: {closure}()
#5 Command line code(1): array_filter()
#6 {main}
  thrown at F:\\web\\kinhdoanhcafe.com.vn\\app\\Models\\Permission.php:7)
[stacktrace]
#0 {main}
"} 
[2024-02-09 22:10:07] local.ERROR: Uncaught Error: Class "Zizaco\Entrust\EntrustPermission" not found in F:\web\kinhdoanhcafe.com.vn\app\Models\Permission.php:7
Stack trace:
#0 F:\web\kinhdoanhcafe.com.vn\vendor\composer\ClassLoader.php(576): include()
#1 F:\web\kinhdoanhcafe.com.vn\vendor\composer\ClassLoader.php(427): Composer\Autoload\{closure}()
#2 [internal function]: Composer\Autoload\ClassLoader->loadClass()
#3 Command line code(1): class_exists()
#4 [internal function]: {closure}()
#5 Command line code(1): array_filter()
#6 {main}
  thrown {"exception":"[object] (Symfony\\Component\\ErrorHandler\\Error\\FatalError(code: 0): Uncaught Error: Class \"Zizaco\\Entrust\\EntrustPermission\" not found in F:\\web\\kinhdoanhcafe.com.vn\\app\\Models\\Permission.php:7
Stack trace:
#0 F:\\web\\kinhdoanhcafe.com.vn\\vendor\\composer\\ClassLoader.php(576): include()
#1 F:\\web\\kinhdoanhcafe.com.vn\\vendor\\composer\\ClassLoader.php(427): Composer\\Autoload\\{closure}()
#2 [internal function]: Composer\\Autoload\\ClassLoader->loadClass()
#3 Command line code(1): class_exists()
#4 [internal function]: {closure}()
#5 Command line code(1): array_filter()
#6 {main}
  thrown at F:\\web\\kinhdoanhcafe.com.vn\\app\\Models\\Permission.php:7)
[stacktrace]
#0 {main}
"} 
[2024-02-09 22:11:07] local.ERROR: Uncaught Error: Class "Zizaco\Entrust\EntrustPermission" not found in F:\web\kinhdoanhcafe.com.vn\app\Models\Permission.php:7
Stack trace:
#0 F:\web\kinhdoanhcafe.com.vn\vendor\composer\ClassLoader.php(576): include()
#1 F:\web\kinhdoanhcafe.com.vn\vendor\composer\ClassLoader.php(427): Composer\Autoload\{closure}()
#2 [internal function]: Composer\Autoload\ClassLoader->loadClass()
#3 Command line code(1): class_exists()
#4 [internal function]: {closure}()
#5 Command line code(1): array_filter()
#6 {main}
  thrown {"exception":"[object] (Symfony\\Component\\ErrorHandler\\Error\\FatalError(code: 0): Uncaught Error: Class \"Zizaco\\Entrust\\EntrustPermission\" not found in F:\\web\\kinhdoanhcafe.com.vn\\app\\Models\\Permission.php:7
Stack trace:
#0 F:\\web\\kinhdoanhcafe.com.vn\\vendor\\composer\\ClassLoader.php(576): include()
#1 F:\\web\\kinhdoanhcafe.com.vn\\vendor\\composer\\ClassLoader.php(427): Composer\\Autoload\\{closure}()
#2 [internal function]: Composer\\Autoload\\ClassLoader->loadClass()
#3 Command line code(1): class_exists()
#4 [internal function]: {closure}()
#5 Command line code(1): array_filter()
#6 {main}
  thrown at F:\\web\\kinhdoanhcafe.com.vn\\app\\Models\\Permission.php:7)
[stacktrace]
#0 {main}
"} 
[2024-02-09 22:12:07] local.ERROR: Uncaught Error: Class "Zizaco\Entrust\EntrustPermission" not found in F:\web\kinhdoanhcafe.com.vn\app\Models\Permission.php:7
Stack trace:
#0 F:\web\kinhdoanhcafe.com.vn\vendor\composer\ClassLoader.php(576): include()
#1 F:\web\kinhdoanhcafe.com.vn\vendor\composer\ClassLoader.php(427): Composer\Autoload\{closure}()
#2 [internal function]: Composer\Autoload\ClassLoader->loadClass()
#3 Command line code(1): class_exists()
#4 [internal function]: {closure}()
#5 Command line code(1): array_filter()
#6 {main}
  thrown {"exception":"[object] (Symfony\\Component\\ErrorHandler\\Error\\FatalError(code: 0): Uncaught Error: Class \"Zizaco\\Entrust\\EntrustPermission\" not found in F:\\web\\kinhdoanhcafe.com.vn\\app\\Models\\Permission.php:7
Stack trace:
#0 F:\\web\\kinhdoanhcafe.com.vn\\vendor\\composer\\ClassLoader.php(576): include()
#1 F:\\web\\kinhdoanhcafe.com.vn\\vendor\\composer\\ClassLoader.php(427): Composer\\Autoload\\{closure}()
#2 [internal function]: Composer\\Autoload\\ClassLoader->loadClass()
#3 Command line code(1): class_exists()
#4 [internal function]: {closure}()
#5 Command line code(1): array_filter()
#6 {main}
  thrown at F:\\web\\kinhdoanhcafe.com.vn\\app\\Models\\Permission.php:7)
[stacktrace]
#0 {main}
"} 
[2024-02-09 22:13:07] local.ERROR: Uncaught Error: Class "Zizaco\Entrust\EntrustPermission" not found in F:\web\kinhdoanhcafe.com.vn\app\Models\Permission.php:7
Stack trace:
#0 F:\web\kinhdoanhcafe.com.vn\vendor\composer\ClassLoader.php(576): include()
#1 F:\web\kinhdoanhcafe.com.vn\vendor\composer\ClassLoader.php(427): Composer\Autoload\{closure}()
#2 [internal function]: Composer\Autoload\ClassLoader->loadClass()
#3 Command line code(1): class_exists()
#4 [internal function]: {closure}()
#5 Command line code(1): array_filter()
#6 {main}
  thrown {"exception":"[object] (Symfony\\Component\\ErrorHandler\\Error\\FatalError(code: 0): Uncaught Error: Class \"Zizaco\\Entrust\\EntrustPermission\" not found in F:\\web\\kinhdoanhcafe.com.vn\\app\\Models\\Permission.php:7
Stack trace:
#0 F:\\web\\kinhdoanhcafe.com.vn\\vendor\\composer\\ClassLoader.php(576): include()
#1 F:\\web\\kinhdoanhcafe.com.vn\\vendor\\composer\\ClassLoader.php(427): Composer\\Autoload\\{closure}()
#2 [internal function]: Composer\\Autoload\\ClassLoader->loadClass()
#3 Command line code(1): class_exists()
#4 [internal function]: {closure}()
#5 Command line code(1): array_filter()
#6 {main}
  thrown at F:\\web\\kinhdoanhcafe.com.vn\\app\\Models\\Permission.php:7)
[stacktrace]
#0 {main}
"} 
[2024-02-09 22:14:07] local.ERROR: Uncaught Error: Class "Zizaco\Entrust\EntrustPermission" not found in F:\web\kinhdoanhcafe.com.vn\app\Models\Permission.php:7
Stack trace:
#0 F:\web\kinhdoanhcafe.com.vn\vendor\composer\ClassLoader.php(576): include()
#1 F:\web\kinhdoanhcafe.com.vn\vendor\composer\ClassLoader.php(427): Composer\Autoload\{closure}()
#2 [internal function]: Composer\Autoload\ClassLoader->loadClass()
#3 Command line code(1): class_exists()
#4 [internal function]: {closure}()
#5 Command line code(1): array_filter()
#6 {main}
  thrown {"exception":"[object] (Symfony\\Component\\ErrorHandler\\Error\\FatalError(code: 0): Uncaught Error: Class \"Zizaco\\Entrust\\EntrustPermission\" not found in F:\\web\\kinhdoanhcafe.com.vn\\app\\Models\\Permission.php:7
Stack trace:
#0 F:\\web\\kinhdoanhcafe.com.vn\\vendor\\composer\\ClassLoader.php(576): include()
#1 F:\\web\\kinhdoanhcafe.com.vn\\vendor\\composer\\ClassLoader.php(427): Composer\\Autoload\\{closure}()
#2 [internal function]: Composer\\Autoload\\ClassLoader->loadClass()
#3 Command line code(1): class_exists()
#4 [internal function]: {closure}()
#5 Command line code(1): array_filter()
#6 {main}
  thrown at F:\\web\\kinhdoanhcafe.com.vn\\app\\Models\\Permission.php:7)
[stacktrace]
#0 {main}
"} 
[2024-02-09 22:15:07] local.ERROR: Uncaught Error: Class "Zizaco\Entrust\EntrustPermission" not found in F:\web\kinhdoanhcafe.com.vn\app\Models\Permission.php:7
Stack trace:
#0 F:\web\kinhdoanhcafe.com.vn\vendor\composer\ClassLoader.php(576): include()
#1 F:\web\kinhdoanhcafe.com.vn\vendor\composer\ClassLoader.php(427): Composer\Autoload\{closure}()
#2 [internal function]: Composer\Autoload\ClassLoader->loadClass()
#3 Command line code(1): class_exists()
#4 [internal function]: {closure}()
#5 Command line code(1): array_filter()
#6 {main}
  thrown {"exception":"[object] (Symfony\\Component\\ErrorHandler\\Error\\FatalError(code: 0): Uncaught Error: Class \"Zizaco\\Entrust\\EntrustPermission\" not found in F:\\web\\kinhdoanhcafe.com.vn\\app\\Models\\Permission.php:7
Stack trace:
#0 F:\\web\\kinhdoanhcafe.com.vn\\vendor\\composer\\ClassLoader.php(576): include()
#1 F:\\web\\kinhdoanhcafe.com.vn\\vendor\\composer\\ClassLoader.php(427): Composer\\Autoload\\{closure}()
#2 [internal function]: Composer\\Autoload\\ClassLoader->loadClass()
#3 Command line code(1): class_exists()
#4 [internal function]: {closure}()
#5 Command line code(1): array_filter()
#6 {main}
  thrown at F:\\web\\kinhdoanhcafe.com.vn\\app\\Models\\Permission.php:7)
[stacktrace]
#0 {main}
"} 
[2024-02-09 22:16:07] local.ERROR: Uncaught Error: Class "Zizaco\Entrust\EntrustPermission" not found in F:\web\kinhdoanhcafe.com.vn\app\Models\Permission.php:7
Stack trace:
#0 F:\web\kinhdoanhcafe.com.vn\vendor\composer\ClassLoader.php(576): include()
#1 F:\web\kinhdoanhcafe.com.vn\vendor\composer\ClassLoader.php(427): Composer\Autoload\{closure}()
#2 [internal function]: Composer\Autoload\ClassLoader->loadClass()
#3 Command line code(1): class_exists()
#4 [internal function]: {closure}()
#5 Command line code(1): array_filter()
#6 {main}
  thrown {"exception":"[object] (Symfony\\Component\\ErrorHandler\\Error\\FatalError(code: 0): Uncaught Error: Class \"Zizaco\\Entrust\\EntrustPermission\" not found in F:\\web\\kinhdoanhcafe.com.vn\\app\\Models\\Permission.php:7
Stack trace:
#0 F:\\web\\kinhdoanhcafe.com.vn\\vendor\\composer\\ClassLoader.php(576): include()
#1 F:\\web\\kinhdoanhcafe.com.vn\\vendor\\composer\\ClassLoader.php(427): Composer\\Autoload\\{closure}()
#2 [internal function]: Composer\\Autoload\\ClassLoader->loadClass()
#3 Command line code(1): class_exists()
#4 [internal function]: {closure}()
#5 Command line code(1): array_filter()
#6 {main}
  thrown at F:\\web\\kinhdoanhcafe.com.vn\\app\\Models\\Permission.php:7)
[stacktrace]
#0 {main}
"} 
[2024-02-09 22:17:07] local.ERROR: Uncaught Error: Class "Zizaco\Entrust\EntrustPermission" not found in F:\web\kinhdoanhcafe.com.vn\app\Models\Permission.php:7
Stack trace:
#0 F:\web\kinhdoanhcafe.com.vn\vendor\composer\ClassLoader.php(576): include()
#1 F:\web\kinhdoanhcafe.com.vn\vendor\composer\ClassLoader.php(427): Composer\Autoload\{closure}()
#2 [internal function]: Composer\Autoload\ClassLoader->loadClass()
#3 Command line code(1): class_exists()
#4 [internal function]: {closure}()
#5 Command line code(1): array_filter()
#6 {main}
  thrown {"exception":"[object] (Symfony\\Component\\ErrorHandler\\Error\\FatalError(code: 0): Uncaught Error: Class \"Zizaco\\Entrust\\EntrustPermission\" not found in F:\\web\\kinhdoanhcafe.com.vn\\app\\Models\\Permission.php:7
Stack trace:
#0 F:\\web\\kinhdoanhcafe.com.vn\\vendor\\composer\\ClassLoader.php(576): include()
#1 F:\\web\\kinhdoanhcafe.com.vn\\vendor\\composer\\ClassLoader.php(427): Composer\\Autoload\\{closure}()
#2 [internal function]: Composer\\Autoload\\ClassLoader->loadClass()
#3 Command line code(1): class_exists()
#4 [internal function]: {closure}()
#5 Command line code(1): array_filter()
#6 {main}
  thrown at F:\\web\\kinhdoanhcafe.com.vn\\app\\Models\\Permission.php:7)
[stacktrace]
#0 {main}
"} 
[2024-02-09 22:18:07] local.ERROR: Uncaught Error: Class "Zizaco\Entrust\EntrustPermission" not found in F:\web\kinhdoanhcafe.com.vn\app\Models\Permission.php:7
Stack trace:
#0 F:\web\kinhdoanhcafe.com.vn\vendor\composer\ClassLoader.php(576): include()
#1 F:\web\kinhdoanhcafe.com.vn\vendor\composer\ClassLoader.php(427): Composer\Autoload\{closure}()
#2 [internal function]: Composer\Autoload\ClassLoader->loadClass()
#3 Command line code(1): class_exists()
#4 [internal function]: {closure}()
#5 Command line code(1): array_filter()
#6 {main}
  thrown {"exception":"[object] (Symfony\\Component\\ErrorHandler\\Error\\FatalError(code: 0): Uncaught Error: Class \"Zizaco\\Entrust\\EntrustPermission\" not found in F:\\web\\kinhdoanhcafe.com.vn\\app\\Models\\Permission.php:7
Stack trace:
#0 F:\\web\\kinhdoanhcafe.com.vn\\vendor\\composer\\ClassLoader.php(576): include()
#1 F:\\web\\kinhdoanhcafe.com.vn\\vendor\\composer\\ClassLoader.php(427): Composer\\Autoload\\{closure}()
#2 [internal function]: Composer\\Autoload\\ClassLoader->loadClass()
#3 Command line code(1): class_exists()
#4 [internal function]: {closure}()
#5 Command line code(1): array_filter()
#6 {main}
  thrown at F:\\web\\kinhdoanhcafe.com.vn\\app\\Models\\Permission.php:7)
[stacktrace]
#0 {main}
"} 
[2024-02-09 22:19:07] local.ERROR: Uncaught Error: Class "Zizaco\Entrust\EntrustPermission" not found in F:\web\kinhdoanhcafe.com.vn\app\Models\Permission.php:7
Stack trace:
#0 F:\web\kinhdoanhcafe.com.vn\vendor\composer\ClassLoader.php(576): include()
#1 F:\web\kinhdoanhcafe.com.vn\vendor\composer\ClassLoader.php(427): Composer\Autoload\{closure}()
#2 [internal function]: Composer\Autoload\ClassLoader->loadClass()
#3 Command line code(1): class_exists()
#4 [internal function]: {closure}()
#5 Command line code(1): array_filter()
#6 {main}
  thrown {"exception":"[object] (Symfony\\Component\\ErrorHandler\\Error\\FatalError(code: 0): Uncaught Error: Class \"Zizaco\\Entrust\\EntrustPermission\" not found in F:\\web\\kinhdoanhcafe.com.vn\\app\\Models\\Permission.php:7
Stack trace:
#0 F:\\web\\kinhdoanhcafe.com.vn\\vendor\\composer\\ClassLoader.php(576): include()
#1 F:\\web\\kinhdoanhcafe.com.vn\\vendor\\composer\\ClassLoader.php(427): Composer\\Autoload\\{closure}()
#2 [internal function]: Composer\\Autoload\\ClassLoader->loadClass()
#3 Command line code(1): class_exists()
#4 [internal function]: {closure}()
#5 Command line code(1): array_filter()
#6 {main}
  thrown at F:\\web\\kinhdoanhcafe.com.vn\\app\\Models\\Permission.php:7)
[stacktrace]
#0 {main}
"} 
[2024-02-09 22:20:07] local.ERROR: Uncaught Error: Class "Zizaco\Entrust\EntrustPermission" not found in F:\web\kinhdoanhcafe.com.vn\app\Models\Permission.php:7
Stack trace:
#0 F:\web\kinhdoanhcafe.com.vn\vendor\composer\ClassLoader.php(576): include()
#1 F:\web\kinhdoanhcafe.com.vn\vendor\composer\ClassLoader.php(427): Composer\Autoload\{closure}()
#2 [internal function]: Composer\Autoload\ClassLoader->loadClass()
#3 Command line code(1): class_exists()
#4 [internal function]: {closure}()
#5 Command line code(1): array_filter()
#6 {main}
  thrown {"exception":"[object] (Symfony\\Component\\ErrorHandler\\Error\\FatalError(code: 0): Uncaught Error: Class \"Zizaco\\Entrust\\EntrustPermission\" not found in F:\\web\\kinhdoanhcafe.com.vn\\app\\Models\\Permission.php:7
Stack trace:
#0 F:\\web\\kinhdoanhcafe.com.vn\\vendor\\composer\\ClassLoader.php(576): include()
#1 F:\\web\\kinhdoanhcafe.com.vn\\vendor\\composer\\ClassLoader.php(427): Composer\\Autoload\\{closure}()
#2 [internal function]: Composer\\Autoload\\ClassLoader->loadClass()
#3 Command line code(1): class_exists()
#4 [internal function]: {closure}()
#5 Command line code(1): array_filter()
#6 {main}
  thrown at F:\\web\\kinhdoanhcafe.com.vn\\app\\Models\\Permission.php:7)
[stacktrace]
#0 {main}
"} 
[2024-02-09 22:21:07] local.ERROR: Uncaught Error: Class "Zizaco\Entrust\EntrustPermission" not found in F:\web\kinhdoanhcafe.com.vn\app\Models\Permission.php:7
Stack trace:
#0 F:\web\kinhdoanhcafe.com.vn\vendor\composer\ClassLoader.php(576): include()
#1 F:\web\kinhdoanhcafe.com.vn\vendor\composer\ClassLoader.php(427): Composer\Autoload\{closure}()
#2 [internal function]: Composer\Autoload\ClassLoader->loadClass()
#3 Command line code(1): class_exists()
#4 [internal function]: {closure}()
#5 Command line code(1): array_filter()
#6 {main}
  thrown {"exception":"[object] (Symfony\\Component\\ErrorHandler\\Error\\FatalError(code: 0): Uncaught Error: Class \"Zizaco\\Entrust\\EntrustPermission\" not found in F:\\web\\kinhdoanhcafe.com.vn\\app\\Models\\Permission.php:7
Stack trace:
#0 F:\\web\\kinhdoanhcafe.com.vn\\vendor\\composer\\ClassLoader.php(576): include()
#1 F:\\web\\kinhdoanhcafe.com.vn\\vendor\\composer\\ClassLoader.php(427): Composer\\Autoload\\{closure}()
#2 [internal function]: Composer\\Autoload\\ClassLoader->loadClass()
#3 Command line code(1): class_exists()
#4 [internal function]: {closure}()
#5 Command line code(1): array_filter()
#6 {main}
  thrown at F:\\web\\kinhdoanhcafe.com.vn\\app\\Models\\Permission.php:7)
[stacktrace]
#0 {main}
"} 
[2024-02-09 22:22:07] local.ERROR: Uncaught Error: Class "Zizaco\Entrust\EntrustPermission" not found in F:\web\kinhdoanhcafe.com.vn\app\Models\Permission.php:7
Stack trace:
#0 F:\web\kinhdoanhcafe.com.vn\vendor\composer\ClassLoader.php(576): include()
#1 F:\web\kinhdoanhcafe.com.vn\vendor\composer\ClassLoader.php(427): Composer\Autoload\{closure}()
#2 [internal function]: Composer\Autoload\ClassLoader->loadClass()
#3 Command line code(1): class_exists()
#4 [internal function]: {closure}()
#5 Command line code(1): array_filter()
#6 {main}
  thrown {"exception":"[object] (Symfony\\Component\\ErrorHandler\\Error\\FatalError(code: 0): Uncaught Error: Class \"Zizaco\\Entrust\\EntrustPermission\" not found in F:\\web\\kinhdoanhcafe.com.vn\\app\\Models\\Permission.php:7
Stack trace:
#0 F:\\web\\kinhdoanhcafe.com.vn\\vendor\\composer\\ClassLoader.php(576): include()
#1 F:\\web\\kinhdoanhcafe.com.vn\\vendor\\composer\\ClassLoader.php(427): Composer\\Autoload\\{closure}()
#2 [internal function]: Composer\\Autoload\\ClassLoader->loadClass()
#3 Command line code(1): class_exists()
#4 [internal function]: {closure}()
#5 Command line code(1): array_filter()
#6 {main}
  thrown at F:\\web\\kinhdoanhcafe.com.vn\\app\\Models\\Permission.php:7)
[stacktrace]
#0 {main}
"} 
[2024-02-09 22:23:07] local.ERROR: Uncaught Error: Class "Zizaco\Entrust\EntrustPermission" not found in F:\web\kinhdoanhcafe.com.vn\app\Models\Permission.php:7
Stack trace:
#0 F:\web\kinhdoanhcafe.com.vn\vendor\composer\ClassLoader.php(576): include()
#1 F:\web\kinhdoanhcafe.com.vn\vendor\composer\ClassLoader.php(427): Composer\Autoload\{closure}()
#2 [internal function]: Composer\Autoload\ClassLoader->loadClass()
#3 Command line code(1): class_exists()
#4 [internal function]: {closure}()
#5 Command line code(1): array_filter()
#6 {main}
  thrown {"exception":"[object] (Symfony\\Component\\ErrorHandler\\Error\\FatalError(code: 0): Uncaught Error: Class \"Zizaco\\Entrust\\EntrustPermission\" not found in F:\\web\\kinhdoanhcafe.com.vn\\app\\Models\\Permission.php:7
Stack trace:
#0 F:\\web\\kinhdoanhcafe.com.vn\\vendor\\composer\\ClassLoader.php(576): include()
#1 F:\\web\\kinhdoanhcafe.com.vn\\vendor\\composer\\ClassLoader.php(427): Composer\\Autoload\\{closure}()
#2 [internal function]: Composer\\Autoload\\ClassLoader->loadClass()
#3 Command line code(1): class_exists()
#4 [internal function]: {closure}()
#5 Command line code(1): array_filter()
#6 {main}
  thrown at F:\\web\\kinhdoanhcafe.com.vn\\app\\Models\\Permission.php:7)
[stacktrace]
#0 {main}
"} 
[2024-02-09 22:24:07] local.ERROR: Uncaught Error: Class "Zizaco\Entrust\EntrustPermission" not found in F:\web\kinhdoanhcafe.com.vn\app\Models\Permission.php:7
Stack trace:
#0 F:\web\kinhdoanhcafe.com.vn\vendor\composer\ClassLoader.php(576): include()
#1 F:\web\kinhdoanhcafe.com.vn\vendor\composer\ClassLoader.php(427): Composer\Autoload\{closure}()
#2 [internal function]: Composer\Autoload\ClassLoader->loadClass()
#3 Command line code(1): class_exists()
#4 [internal function]: {closure}()
#5 Command line code(1): array_filter()
#6 {main}
  thrown {"exception":"[object] (Symfony\\Component\\ErrorHandler\\Error\\FatalError(code: 0): Uncaught Error: Class \"Zizaco\\Entrust\\EntrustPermission\" not found in F:\\web\\kinhdoanhcafe.com.vn\\app\\Models\\Permission.php:7
Stack trace:
#0 F:\\web\\kinhdoanhcafe.com.vn\\vendor\\composer\\ClassLoader.php(576): include()
#1 F:\\web\\kinhdoanhcafe.com.vn\\vendor\\composer\\ClassLoader.php(427): Composer\\Autoload\\{closure}()
#2 [internal function]: Composer\\Autoload\\ClassLoader->loadClass()
#3 Command line code(1): class_exists()
#4 [internal function]: {closure}()
#5 Command line code(1): array_filter()
#6 {main}
  thrown at F:\\web\\kinhdoanhcafe.com.vn\\app\\Models\\Permission.php:7)
[stacktrace]
#0 {main}
"} 
[2024-02-09 22:25:07] local.ERROR: Uncaught Error: Class "Zizaco\Entrust\EntrustPermission" not found in F:\web\kinhdoanhcafe.com.vn\app\Models\Permission.php:7
Stack trace:
#0 F:\web\kinhdoanhcafe.com.vn\vendor\composer\ClassLoader.php(576): include()
#1 F:\web\kinhdoanhcafe.com.vn\vendor\composer\ClassLoader.php(427): Composer\Autoload\{closure}()
#2 [internal function]: Composer\Autoload\ClassLoader->loadClass()
#3 Command line code(1): class_exists()
#4 [internal function]: {closure}()
#5 Command line code(1): array_filter()
#6 {main}
  thrown {"exception":"[object] (Symfony\\Component\\ErrorHandler\\Error\\FatalError(code: 0): Uncaught Error: Class \"Zizaco\\Entrust\\EntrustPermission\" not found in F:\\web\\kinhdoanhcafe.com.vn\\app\\Models\\Permission.php:7
Stack trace:
#0 F:\\web\\kinhdoanhcafe.com.vn\\vendor\\composer\\ClassLoader.php(576): include()
#1 F:\\web\\kinhdoanhcafe.com.vn\\vendor\\composer\\ClassLoader.php(427): Composer\\Autoload\\{closure}()
#2 [internal function]: Composer\\Autoload\\ClassLoader->loadClass()
#3 Command line code(1): class_exists()
#4 [internal function]: {closure}()
#5 Command line code(1): array_filter()
#6 {main}
  thrown at F:\\web\\kinhdoanhcafe.com.vn\\app\\Models\\Permission.php:7)
[stacktrace]
#0 {main}
"} 
[2024-02-09 22:26:07] local.ERROR: Uncaught Error: Class "Zizaco\Entrust\EntrustPermission" not found in F:\web\kinhdoanhcafe.com.vn\app\Models\Permission.php:7
Stack trace:
#0 F:\web\kinhdoanhcafe.com.vn\vendor\composer\ClassLoader.php(576): include()
#1 F:\web\kinhdoanhcafe.com.vn\vendor\composer\ClassLoader.php(427): Composer\Autoload\{closure}()
#2 [internal function]: Composer\Autoload\ClassLoader->loadClass()
#3 Command line code(1): class_exists()
#4 [internal function]: {closure}()
#5 Command line code(1): array_filter()
#6 {main}
  thrown {"exception":"[object] (Symfony\\Component\\ErrorHandler\\Error\\FatalError(code: 0): Uncaught Error: Class \"Zizaco\\Entrust\\EntrustPermission\" not found in F:\\web\\kinhdoanhcafe.com.vn\\app\\Models\\Permission.php:7
Stack trace:
#0 F:\\web\\kinhdoanhcafe.com.vn\\vendor\\composer\\ClassLoader.php(576): include()
#1 F:\\web\\kinhdoanhcafe.com.vn\\vendor\\composer\\ClassLoader.php(427): Composer\\Autoload\\{closure}()
#2 [internal function]: Composer\\Autoload\\ClassLoader->loadClass()
#3 Command line code(1): class_exists()
#4 [internal function]: {closure}()
#5 Command line code(1): array_filter()
#6 {main}
  thrown at F:\\web\\kinhdoanhcafe.com.vn\\app\\Models\\Permission.php:7)
[stacktrace]
#0 {main}
"} 
[2024-02-09 22:27:07] local.ERROR: Uncaught Error: Class "Zizaco\Entrust\EntrustPermission" not found in F:\web\kinhdoanhcafe.com.vn\app\Models\Permission.php:7
Stack trace:
#0 F:\web\kinhdoanhcafe.com.vn\vendor\composer\ClassLoader.php(576): include()
#1 F:\web\kinhdoanhcafe.com.vn\vendor\composer\ClassLoader.php(427): Composer\Autoload\{closure}()
#2 [internal function]: Composer\Autoload\ClassLoader->loadClass()
#3 Command line code(1): class_exists()
#4 [internal function]: {closure}()
#5 Command line code(1): array_filter()
#6 {main}
  thrown {"exception":"[object] (Symfony\\Component\\ErrorHandler\\Error\\FatalError(code: 0): Uncaught Error: Class \"Zizaco\\Entrust\\EntrustPermission\" not found in F:\\web\\kinhdoanhcafe.com.vn\\app\\Models\\Permission.php:7
Stack trace:
#0 F:\\web\\kinhdoanhcafe.com.vn\\vendor\\composer\\ClassLoader.php(576): include()
#1 F:\\web\\kinhdoanhcafe.com.vn\\vendor\\composer\\ClassLoader.php(427): Composer\\Autoload\\{closure}()
#2 [internal function]: Composer\\Autoload\\ClassLoader->loadClass()
#3 Command line code(1): class_exists()
#4 [internal function]: {closure}()
#5 Command line code(1): array_filter()
#6 {main}
  thrown at F:\\web\\kinhdoanhcafe.com.vn\\app\\Models\\Permission.php:7)
[stacktrace]
#0 {main}
"} 
[2024-02-09 22:28:07] local.ERROR: Uncaught Error: Class "Zizaco\Entrust\EntrustPermission" not found in F:\web\kinhdoanhcafe.com.vn\app\Models\Permission.php:7
Stack trace:
#0 F:\web\kinhdoanhcafe.com.vn\vendor\composer\ClassLoader.php(576): include()
#1 F:\web\kinhdoanhcafe.com.vn\vendor\composer\ClassLoader.php(427): Composer\Autoload\{closure}()
#2 [internal function]: Composer\Autoload\ClassLoader->loadClass()
#3 Command line code(1): class_exists()
#4 [internal function]: {closure}()
#5 Command line code(1): array_filter()
#6 {main}
  thrown {"exception":"[object] (Symfony\\Component\\ErrorHandler\\Error\\FatalError(code: 0): Uncaught Error: Class \"Zizaco\\Entrust\\EntrustPermission\" not found in F:\\web\\kinhdoanhcafe.com.vn\\app\\Models\\Permission.php:7
Stack trace:
#0 F:\\web\\kinhdoanhcafe.com.vn\\vendor\\composer\\ClassLoader.php(576): include()
#1 F:\\web\\kinhdoanhcafe.com.vn\\vendor\\composer\\ClassLoader.php(427): Composer\\Autoload\\{closure}()
#2 [internal function]: Composer\\Autoload\\ClassLoader->loadClass()
#3 Command line code(1): class_exists()
#4 [internal function]: {closure}()
#5 Command line code(1): array_filter()
#6 {main}
  thrown at F:\\web\\kinhdoanhcafe.com.vn\\app\\Models\\Permission.php:7)
[stacktrace]
#0 {main}
"} 
[2024-02-09 22:29:07] local.ERROR: Uncaught Error: Class "Zizaco\Entrust\EntrustPermission" not found in F:\web\kinhdoanhcafe.com.vn\app\Models\Permission.php:7
Stack trace:
#0 F:\web\kinhdoanhcafe.com.vn\vendor\composer\ClassLoader.php(576): include()
#1 F:\web\kinhdoanhcafe.com.vn\vendor\composer\ClassLoader.php(427): Composer\Autoload\{closure}()
#2 [internal function]: Composer\Autoload\ClassLoader->loadClass()
#3 Command line code(1): class_exists()
#4 [internal function]: {closure}()
#5 Command line code(1): array_filter()
#6 {main}
  thrown {"exception":"[object] (Symfony\\Component\\ErrorHandler\\Error\\FatalError(code: 0): Uncaught Error: Class \"Zizaco\\Entrust\\EntrustPermission\" not found in F:\\web\\kinhdoanhcafe.com.vn\\app\\Models\\Permission.php:7
Stack trace:
#0 F:\\web\\kinhdoanhcafe.com.vn\\vendor\\composer\\ClassLoader.php(576): include()
#1 F:\\web\\kinhdoanhcafe.com.vn\\vendor\\composer\\ClassLoader.php(427): Composer\\Autoload\\{closure}()
#2 [internal function]: Composer\\Autoload\\ClassLoader->loadClass()
#3 Command line code(1): class_exists()
#4 [internal function]: {closure}()
#5 Command line code(1): array_filter()
#6 {main}
  thrown at F:\\web\\kinhdoanhcafe.com.vn\\app\\Models\\Permission.php:7)
[stacktrace]
#0 {main}
"} 
[2024-02-09 22:30:07] local.ERROR: Uncaught Error: Class "Zizaco\Entrust\EntrustPermission" not found in F:\web\kinhdoanhcafe.com.vn\app\Models\Permission.php:7
Stack trace:
#0 F:\web\kinhdoanhcafe.com.vn\vendor\composer\ClassLoader.php(576): include()
#1 F:\web\kinhdoanhcafe.com.vn\vendor\composer\ClassLoader.php(427): Composer\Autoload\{closure}()
#2 [internal function]: Composer\Autoload\ClassLoader->loadClass()
#3 Command line code(1): class_exists()
#4 [internal function]: {closure}()
#5 Command line code(1): array_filter()
#6 {main}
  thrown {"exception":"[object] (Symfony\\Component\\ErrorHandler\\Error\\FatalError(code: 0): Uncaught Error: Class \"Zizaco\\Entrust\\EntrustPermission\" not found in F:\\web\\kinhdoanhcafe.com.vn\\app\\Models\\Permission.php:7
Stack trace:
#0 F:\\web\\kinhdoanhcafe.com.vn\\vendor\\composer\\ClassLoader.php(576): include()
#1 F:\\web\\kinhdoanhcafe.com.vn\\vendor\\composer\\ClassLoader.php(427): Composer\\Autoload\\{closure}()
#2 [internal function]: Composer\\Autoload\\ClassLoader->loadClass()
#3 Command line code(1): class_exists()
#4 [internal function]: {closure}()
#5 Command line code(1): array_filter()
#6 {main}
  thrown at F:\\web\\kinhdoanhcafe.com.vn\\app\\Models\\Permission.php:7)
[stacktrace]
#0 {main}
"} 
[2024-02-09 22:31:07] local.ERROR: Uncaught Error: Class "Zizaco\Entrust\EntrustPermission" not found in F:\web\kinhdoanhcafe.com.vn\app\Models\Permission.php:7
Stack trace:
#0 F:\web\kinhdoanhcafe.com.vn\vendor\composer\ClassLoader.php(576): include()
#1 F:\web\kinhdoanhcafe.com.vn\vendor\composer\ClassLoader.php(427): Composer\Autoload\{closure}()
#2 [internal function]: Composer\Autoload\ClassLoader->loadClass()
#3 Command line code(1): class_exists()
#4 [internal function]: {closure}()
#5 Command line code(1): array_filter()
#6 {main}
  thrown {"exception":"[object] (Symfony\\Component\\ErrorHandler\\Error\\FatalError(code: 0): Uncaught Error: Class \"Zizaco\\Entrust\\EntrustPermission\" not found in F:\\web\\kinhdoanhcafe.com.vn\\app\\Models\\Permission.php:7
Stack trace:
#0 F:\\web\\kinhdoanhcafe.com.vn\\vendor\\composer\\ClassLoader.php(576): include()
#1 F:\\web\\kinhdoanhcafe.com.vn\\vendor\\composer\\ClassLoader.php(427): Composer\\Autoload\\{closure}()
#2 [internal function]: Composer\\Autoload\\ClassLoader->loadClass()
#3 Command line code(1): class_exists()
#4 [internal function]: {closure}()
#5 Command line code(1): array_filter()
#6 {main}
  thrown at F:\\web\\kinhdoanhcafe.com.vn\\app\\Models\\Permission.php:7)
[stacktrace]
#0 {main}
"} 
[2024-02-09 22:32:07] local.ERROR: Uncaught Error: Class "Zizaco\Entrust\EntrustPermission" not found in F:\web\kinhdoanhcafe.com.vn\app\Models\Permission.php:7
Stack trace:
#0 F:\web\kinhdoanhcafe.com.vn\vendor\composer\ClassLoader.php(576): include()
#1 F:\web\kinhdoanhcafe.com.vn\vendor\composer\ClassLoader.php(427): Composer\Autoload\{closure}()
#2 [internal function]: Composer\Autoload\ClassLoader->loadClass()
#3 Command line code(1): class_exists()
#4 [internal function]: {closure}()
#5 Command line code(1): array_filter()
#6 {main}
  thrown {"exception":"[object] (Symfony\\Component\\ErrorHandler\\Error\\FatalError(code: 0): Uncaught Error: Class \"Zizaco\\Entrust\\EntrustPermission\" not found in F:\\web\\kinhdoanhcafe.com.vn\\app\\Models\\Permission.php:7
Stack trace:
#0 F:\\web\\kinhdoanhcafe.com.vn\\vendor\\composer\\ClassLoader.php(576): include()
#1 F:\\web\\kinhdoanhcafe.com.vn\\vendor\\composer\\ClassLoader.php(427): Composer\\Autoload\\{closure}()
#2 [internal function]: Composer\\Autoload\\ClassLoader->loadClass()
#3 Command line code(1): class_exists()
#4 [internal function]: {closure}()
#5 Command line code(1): array_filter()
#6 {main}
  thrown at F:\\web\\kinhdoanhcafe.com.vn\\app\\Models\\Permission.php:7)
[stacktrace]
#0 {main}
"} 
[2024-02-09 22:33:07] local.ERROR: Uncaught Error: Class "Zizaco\Entrust\EntrustPermission" not found in F:\web\kinhdoanhcafe.com.vn\app\Models\Permission.php:7
Stack trace:
#0 F:\web\kinhdoanhcafe.com.vn\vendor\composer\ClassLoader.php(576): include()
#1 F:\web\kinhdoanhcafe.com.vn\vendor\composer\ClassLoader.php(427): Composer\Autoload\{closure}()
#2 [internal function]: Composer\Autoload\ClassLoader->loadClass()
#3 Command line code(1): class_exists()
#4 [internal function]: {closure}()
#5 Command line code(1): array_filter()
#6 {main}
  thrown {"exception":"[object] (Symfony\\Component\\ErrorHandler\\Error\\FatalError(code: 0): Uncaught Error: Class \"Zizaco\\Entrust\\EntrustPermission\" not found in F:\\web\\kinhdoanhcafe.com.vn\\app\\Models\\Permission.php:7
Stack trace:
#0 F:\\web\\kinhdoanhcafe.com.vn\\vendor\\composer\\ClassLoader.php(576): include()
#1 F:\\web\\kinhdoanhcafe.com.vn\\vendor\\composer\\ClassLoader.php(427): Composer\\Autoload\\{closure}()
#2 [internal function]: Composer\\Autoload\\ClassLoader->loadClass()
#3 Command line code(1): class_exists()
#4 [internal function]: {closure}()
#5 Command line code(1): array_filter()
#6 {main}
  thrown at F:\\web\\kinhdoanhcafe.com.vn\\app\\Models\\Permission.php:7)
[stacktrace]
#0 {main}
"} 
[2024-02-09 22:34:07] local.ERROR: Uncaught Error: Class "Zizaco\Entrust\EntrustPermission" not found in F:\web\kinhdoanhcafe.com.vn\app\Models\Permission.php:7
Stack trace:
#0 F:\web\kinhdoanhcafe.com.vn\vendor\composer\ClassLoader.php(576): include()
#1 F:\web\kinhdoanhcafe.com.vn\vendor\composer\ClassLoader.php(427): Composer\Autoload\{closure}()
#2 [internal function]: Composer\Autoload\ClassLoader->loadClass()
#3 Command line code(1): class_exists()
#4 [internal function]: {closure}()
#5 Command line code(1): array_filter()
#6 {main}
  thrown {"exception":"[object] (Symfony\\Component\\ErrorHandler\\Error\\FatalError(code: 0): Uncaught Error: Class \"Zizaco\\Entrust\\EntrustPermission\" not found in F:\\web\\kinhdoanhcafe.com.vn\\app\\Models\\Permission.php:7
Stack trace:
#0 F:\\web\\kinhdoanhcafe.com.vn\\vendor\\composer\\ClassLoader.php(576): include()
#1 F:\\web\\kinhdoanhcafe.com.vn\\vendor\\composer\\ClassLoader.php(427): Composer\\Autoload\\{closure}()
#2 [internal function]: Composer\\Autoload\\ClassLoader->loadClass()
#3 Command line code(1): class_exists()
#4 [internal function]: {closure}()
#5 Command line code(1): array_filter()
#6 {main}
  thrown at F:\\web\\kinhdoanhcafe.com.vn\\app\\Models\\Permission.php:7)
[stacktrace]
#0 {main}
"} 
[2024-02-09 22:35:07] local.ERROR: Uncaught Error: Class "Zizaco\Entrust\EntrustPermission" not found in F:\web\kinhdoanhcafe.com.vn\app\Models\Permission.php:7
Stack trace:
#0 F:\web\kinhdoanhcafe.com.vn\vendor\composer\ClassLoader.php(576): include()
#1 F:\web\kinhdoanhcafe.com.vn\vendor\composer\ClassLoader.php(427): Composer\Autoload\{closure}()
#2 [internal function]: Composer\Autoload\ClassLoader->loadClass()
#3 Command line code(1): class_exists()
#4 [internal function]: {closure}()
#5 Command line code(1): array_filter()
#6 {main}
  thrown {"exception":"[object] (Symfony\\Component\\ErrorHandler\\Error\\FatalError(code: 0): Uncaught Error: Class \"Zizaco\\Entrust\\EntrustPermission\" not found in F:\\web\\kinhdoanhcafe.com.vn\\app\\Models\\Permission.php:7
Stack trace:
#0 F:\\web\\kinhdoanhcafe.com.vn\\vendor\\composer\\ClassLoader.php(576): include()
#1 F:\\web\\kinhdoanhcafe.com.vn\\vendor\\composer\\ClassLoader.php(427): Composer\\Autoload\\{closure}()
#2 [internal function]: Composer\\Autoload\\ClassLoader->loadClass()
#3 Command line code(1): class_exists()
#4 [internal function]: {closure}()
#5 Command line code(1): array_filter()
#6 {main}
  thrown at F:\\web\\kinhdoanhcafe.com.vn\\app\\Models\\Permission.php:7)
[stacktrace]
#0 {main}
"} 
[2024-02-09 22:36:07] local.ERROR: Uncaught Error: Class "Zizaco\Entrust\EntrustPermission" not found in F:\web\kinhdoanhcafe.com.vn\app\Models\Permission.php:7
Stack trace:
#0 F:\web\kinhdoanhcafe.com.vn\vendor\composer\ClassLoader.php(576): include()
#1 F:\web\kinhdoanhcafe.com.vn\vendor\composer\ClassLoader.php(427): Composer\Autoload\{closure}()
#2 [internal function]: Composer\Autoload\ClassLoader->loadClass()
#3 Command line code(1): class_exists()
#4 [internal function]: {closure}()
#5 Command line code(1): array_filter()
#6 {main}
  thrown {"exception":"[object] (Symfony\\Component\\ErrorHandler\\Error\\FatalError(code: 0): Uncaught Error: Class \"Zizaco\\Entrust\\EntrustPermission\" not found in F:\\web\\kinhdoanhcafe.com.vn\\app\\Models\\Permission.php:7
Stack trace:
#0 F:\\web\\kinhdoanhcafe.com.vn\\vendor\\composer\\ClassLoader.php(576): include()
#1 F:\\web\\kinhdoanhcafe.com.vn\\vendor\\composer\\ClassLoader.php(427): Composer\\Autoload\\{closure}()
#2 [internal function]: Composer\\Autoload\\ClassLoader->loadClass()
#3 Command line code(1): class_exists()
#4 [internal function]: {closure}()
#5 Command line code(1): array_filter()
#6 {main}
  thrown at F:\\web\\kinhdoanhcafe.com.vn\\app\\Models\\Permission.php:7)
[stacktrace]
#0 {main}
"} 
[2024-02-09 22:37:07] local.ERROR: Uncaught Error: Class "Zizaco\Entrust\EntrustPermission" not found in F:\web\kinhdoanhcafe.com.vn\app\Models\Permission.php:7
Stack trace:
#0 F:\web\kinhdoanhcafe.com.vn\vendor\composer\ClassLoader.php(576): include()
#1 F:\web\kinhdoanhcafe.com.vn\vendor\composer\ClassLoader.php(427): Composer\Autoload\{closure}()
#2 [internal function]: Composer\Autoload\ClassLoader->loadClass()
#3 Command line code(1): class_exists()
#4 [internal function]: {closure}()
#5 Command line code(1): array_filter()
#6 {main}
  thrown {"exception":"[object] (Symfony\\Component\\ErrorHandler\\Error\\FatalError(code: 0): Uncaught Error: Class \"Zizaco\\Entrust\\EntrustPermission\" not found in F:\\web\\kinhdoanhcafe.com.vn\\app\\Models\\Permission.php:7
Stack trace:
#0 F:\\web\\kinhdoanhcafe.com.vn\\vendor\\composer\\ClassLoader.php(576): include()
#1 F:\\web\\kinhdoanhcafe.com.vn\\vendor\\composer\\ClassLoader.php(427): Composer\\Autoload\\{closure}()
#2 [internal function]: Composer\\Autoload\\ClassLoader->loadClass()
#3 Command line code(1): class_exists()
#4 [internal function]: {closure}()
#5 Command line code(1): array_filter()
#6 {main}
  thrown at F:\\web\\kinhdoanhcafe.com.vn\\app\\Models\\Permission.php:7)
[stacktrace]
#0 {main}
"} 
[2024-02-09 22:38:07] local.ERROR: Uncaught Error: Class "Zizaco\Entrust\EntrustPermission" not found in F:\web\kinhdoanhcafe.com.vn\app\Models\Permission.php:7
Stack trace:
#0 F:\web\kinhdoanhcafe.com.vn\vendor\composer\ClassLoader.php(576): include()
#1 F:\web\kinhdoanhcafe.com.vn\vendor\composer\ClassLoader.php(427): Composer\Autoload\{closure}()
#2 [internal function]: Composer\Autoload\ClassLoader->loadClass()
#3 Command line code(1): class_exists()
#4 [internal function]: {closure}()
#5 Command line code(1): array_filter()
#6 {main}
  thrown {"exception":"[object] (Symfony\\Component\\ErrorHandler\\Error\\FatalError(code: 0): Uncaught Error: Class \"Zizaco\\Entrust\\EntrustPermission\" not found in F:\\web\\kinhdoanhcafe.com.vn\\app\\Models\\Permission.php:7
Stack trace:
#0 F:\\web\\kinhdoanhcafe.com.vn\\vendor\\composer\\ClassLoader.php(576): include()
#1 F:\\web\\kinhdoanhcafe.com.vn\\vendor\\composer\\ClassLoader.php(427): Composer\\Autoload\\{closure}()
#2 [internal function]: Composer\\Autoload\\ClassLoader->loadClass()
#3 Command line code(1): class_exists()
#4 [internal function]: {closure}()
#5 Command line code(1): array_filter()
#6 {main}
  thrown at F:\\web\\kinhdoanhcafe.com.vn\\app\\Models\\Permission.php:7)
[stacktrace]
#0 {main}
"} 
[2024-02-09 22:39:07] local.ERROR: Uncaught Error: Class "Zizaco\Entrust\EntrustPermission" not found in F:\web\kinhdoanhcafe.com.vn\app\Models\Permission.php:7
Stack trace:
#0 F:\web\kinhdoanhcafe.com.vn\vendor\composer\ClassLoader.php(576): include()
#1 F:\web\kinhdoanhcafe.com.vn\vendor\composer\ClassLoader.php(427): Composer\Autoload\{closure}()
#2 [internal function]: Composer\Autoload\ClassLoader->loadClass()
#3 Command line code(1): class_exists()
#4 [internal function]: {closure}()
#5 Command line code(1): array_filter()
#6 {main}
  thrown {"exception":"[object] (Symfony\\Component\\ErrorHandler\\Error\\FatalError(code: 0): Uncaught Error: Class \"Zizaco\\Entrust\\EntrustPermission\" not found in F:\\web\\kinhdoanhcafe.com.vn\\app\\Models\\Permission.php:7
Stack trace:
#0 F:\\web\\kinhdoanhcafe.com.vn\\vendor\\composer\\ClassLoader.php(576): include()
#1 F:\\web\\kinhdoanhcafe.com.vn\\vendor\\composer\\ClassLoader.php(427): Composer\\Autoload\\{closure}()
#2 [internal function]: Composer\\Autoload\\ClassLoader->loadClass()
#3 Command line code(1): class_exists()
#4 [internal function]: {closure}()
#5 Command line code(1): array_filter()
#6 {main}
  thrown at F:\\web\\kinhdoanhcafe.com.vn\\app\\Models\\Permission.php:7)
[stacktrace]
#0 {main}
"} 
[2024-02-09 22:40:07] local.ERROR: Uncaught Error: Class "Zizaco\Entrust\EntrustPermission" not found in F:\web\kinhdoanhcafe.com.vn\app\Models\Permission.php:7
Stack trace:
#0 F:\web\kinhdoanhcafe.com.vn\vendor\composer\ClassLoader.php(576): include()
#1 F:\web\kinhdoanhcafe.com.vn\vendor\composer\ClassLoader.php(427): Composer\Autoload\{closure}()
#2 [internal function]: Composer\Autoload\ClassLoader->loadClass()
#3 Command line code(1): class_exists()
#4 [internal function]: {closure}()
#5 Command line code(1): array_filter()
#6 {main}
  thrown {"exception":"[object] (Symfony\\Component\\ErrorHandler\\Error\\FatalError(code: 0): Uncaught Error: Class \"Zizaco\\Entrust\\EntrustPermission\" not found in F:\\web\\kinhdoanhcafe.com.vn\\app\\Models\\Permission.php:7
Stack trace:
#0 F:\\web\\kinhdoanhcafe.com.vn\\vendor\\composer\\ClassLoader.php(576): include()
#1 F:\\web\\kinhdoanhcafe.com.vn\\vendor\\composer\\ClassLoader.php(427): Composer\\Autoload\\{closure}()
#2 [internal function]: Composer\\Autoload\\ClassLoader->loadClass()
#3 Command line code(1): class_exists()
#4 [internal function]: {closure}()
#5 Command line code(1): array_filter()
#6 {main}
  thrown at F:\\web\\kinhdoanhcafe.com.vn\\app\\Models\\Permission.php:7)
[stacktrace]
#0 {main}
"} 
[2024-02-09 22:41:07] local.ERROR: Uncaught Error: Class "Zizaco\Entrust\EntrustPermission" not found in F:\web\kinhdoanhcafe.com.vn\app\Models\Permission.php:7
Stack trace:
#0 F:\web\kinhdoanhcafe.com.vn\vendor\composer\ClassLoader.php(576): include()
#1 F:\web\kinhdoanhcafe.com.vn\vendor\composer\ClassLoader.php(427): Composer\Autoload\{closure}()
#2 [internal function]: Composer\Autoload\ClassLoader->loadClass()
#3 Command line code(1): class_exists()
#4 [internal function]: {closure}()
#5 Command line code(1): array_filter()
#6 {main}
  thrown {"exception":"[object] (Symfony\\Component\\ErrorHandler\\Error\\FatalError(code: 0): Uncaught Error: Class \"Zizaco\\Entrust\\EntrustPermission\" not found in F:\\web\\kinhdoanhcafe.com.vn\\app\\Models\\Permission.php:7
Stack trace:
#0 F:\\web\\kinhdoanhcafe.com.vn\\vendor\\composer\\ClassLoader.php(576): include()
#1 F:\\web\\kinhdoanhcafe.com.vn\\vendor\\composer\\ClassLoader.php(427): Composer\\Autoload\\{closure}()
#2 [internal function]: Composer\\Autoload\\ClassLoader->loadClass()
#3 Command line code(1): class_exists()
#4 [internal function]: {closure}()
#5 Command line code(1): array_filter()
#6 {main}
  thrown at F:\\web\\kinhdoanhcafe.com.vn\\app\\Models\\Permission.php:7)
[stacktrace]
#0 {main}
"} 
[2024-02-09 22:42:22] local.ERROR: Uncaught Error: Class "Zizaco\Entrust\EntrustPermission" not found in F:\web\kinhdoanhcafe.com.vn\app\Models\Permission.php:7
Stack trace:
#0 F:\web\kinhdoanhcafe.com.vn\vendor\composer\ClassLoader.php(576): include()
#1 F:\web\kinhdoanhcafe.com.vn\vendor\composer\ClassLoader.php(427): Composer\Autoload\{closure}()
#2 [internal function]: Composer\Autoload\ClassLoader->loadClass()
#3 Command line code(1): class_exists()
#4 [internal function]: {closure}()
#5 Command line code(1): array_filter()
#6 {main}
  thrown {"exception":"[object] (Symfony\\Component\\ErrorHandler\\Error\\FatalError(code: 0): Uncaught Error: Class \"Zizaco\\Entrust\\EntrustPermission\" not found in F:\\web\\kinhdoanhcafe.com.vn\\app\\Models\\Permission.php:7
Stack trace:
#0 F:\\web\\kinhdoanhcafe.com.vn\\vendor\\composer\\ClassLoader.php(576): include()
#1 F:\\web\\kinhdoanhcafe.com.vn\\vendor\\composer\\ClassLoader.php(427): Composer\\Autoload\\{closure}()
#2 [internal function]: Composer\\Autoload\\ClassLoader->loadClass()
#3 Command line code(1): class_exists()
#4 [internal function]: {closure}()
#5 Command line code(1): array_filter()
#6 {main}
  thrown at F:\\web\\kinhdoanhcafe.com.vn\\app\\Models\\Permission.php:7)
[stacktrace]
#0 {main}
"} 
[2024-02-09 22:43:07] local.ERROR: Uncaught Error: Class "Zizaco\Entrust\EntrustPermission" not found in F:\web\kinhdoanhcafe.com.vn\app\Models\Permission.php:7
Stack trace:
#0 F:\web\kinhdoanhcafe.com.vn\vendor\composer\ClassLoader.php(576): include()
#1 F:\web\kinhdoanhcafe.com.vn\vendor\composer\ClassLoader.php(427): Composer\Autoload\{closure}()
#2 [internal function]: Composer\Autoload\ClassLoader->loadClass()
#3 Command line code(1): class_exists()
#4 [internal function]: {closure}()
#5 Command line code(1): array_filter()
#6 {main}
  thrown {"exception":"[object] (Symfony\\Component\\ErrorHandler\\Error\\FatalError(code: 0): Uncaught Error: Class \"Zizaco\\Entrust\\EntrustPermission\" not found in F:\\web\\kinhdoanhcafe.com.vn\\app\\Models\\Permission.php:7
Stack trace:
#0 F:\\web\\kinhdoanhcafe.com.vn\\vendor\\composer\\ClassLoader.php(576): include()
#1 F:\\web\\kinhdoanhcafe.com.vn\\vendor\\composer\\ClassLoader.php(427): Composer\\Autoload\\{closure}()
#2 [internal function]: Composer\\Autoload\\ClassLoader->loadClass()
#3 Command line code(1): class_exists()
#4 [internal function]: {closure}()
#5 Command line code(1): array_filter()
#6 {main}
  thrown at F:\\web\\kinhdoanhcafe.com.vn\\app\\Models\\Permission.php:7)
[stacktrace]
#0 {main}
"} 
[2024-02-09 22:44:20] local.ERROR: Uncaught Error: Class "Zizaco\Entrust\EntrustPermission" not found in F:\web\kinhdoanhcafe.com.vn\app\Models\Permission.php:7
Stack trace:
#0 F:\web\kinhdoanhcafe.com.vn\vendor\composer\ClassLoader.php(576): include()
#1 F:\web\kinhdoanhcafe.com.vn\vendor\composer\ClassLoader.php(427): Composer\Autoload\{closure}()
#2 [internal function]: Composer\Autoload\ClassLoader->loadClass()
#3 Command line code(1): class_exists()
#4 [internal function]: {closure}()
#5 Command line code(1): array_filter()
#6 {main}
  thrown {"exception":"[object] (Symfony\\Component\\ErrorHandler\\Error\\FatalError(code: 0): Uncaught Error: Class \"Zizaco\\Entrust\\EntrustPermission\" not found in F:\\web\\kinhdoanhcafe.com.vn\\app\\Models\\Permission.php:7
Stack trace:
#0 F:\\web\\kinhdoanhcafe.com.vn\\vendor\\composer\\ClassLoader.php(576): include()
#1 F:\\web\\kinhdoanhcafe.com.vn\\vendor\\composer\\ClassLoader.php(427): Composer\\Autoload\\{closure}()
#2 [internal function]: Composer\\Autoload\\ClassLoader->loadClass()
#3 Command line code(1): class_exists()
#4 [internal function]: {closure}()
#5 Command line code(1): array_filter()
#6 {main}
  thrown at F:\\web\\kinhdoanhcafe.com.vn\\app\\Models\\Permission.php:7)
[stacktrace]
#0 {main}
"} 
[2024-02-09 22:45:07] local.ERROR: Uncaught Error: Class "Zizaco\Entrust\EntrustPermission" not found in F:\web\kinhdoanhcafe.com.vn\app\Models\Permission.php:7
Stack trace:
#0 F:\web\kinhdoanhcafe.com.vn\vendor\composer\ClassLoader.php(576): include()
#1 F:\web\kinhdoanhcafe.com.vn\vendor\composer\ClassLoader.php(427): Composer\Autoload\{closure}()
#2 [internal function]: Composer\Autoload\ClassLoader->loadClass()
#3 Command line code(1): class_exists()
#4 [internal function]: {closure}()
#5 Command line code(1): array_filter()
#6 {main}
  thrown {"exception":"[object] (Symfony\\Component\\ErrorHandler\\Error\\FatalError(code: 0): Uncaught Error: Class \"Zizaco\\Entrust\\EntrustPermission\" not found in F:\\web\\kinhdoanhcafe.com.vn\\app\\Models\\Permission.php:7
Stack trace:
#0 F:\\web\\kinhdoanhcafe.com.vn\\vendor\\composer\\ClassLoader.php(576): include()
#1 F:\\web\\kinhdoanhcafe.com.vn\\vendor\\composer\\ClassLoader.php(427): Composer\\Autoload\\{closure}()
#2 [internal function]: Composer\\Autoload\\ClassLoader->loadClass()
#3 Command line code(1): class_exists()
#4 [internal function]: {closure}()
#5 Command line code(1): array_filter()
#6 {main}
  thrown at F:\\web\\kinhdoanhcafe.com.vn\\app\\Models\\Permission.php:7)
[stacktrace]
#0 {main}
"} 
[2024-02-09 22:46:07] local.ERROR: Uncaught Error: Class "Zizaco\Entrust\EntrustPermission" not found in F:\web\kinhdoanhcafe.com.vn\app\Models\Permission.php:7
Stack trace:
#0 F:\web\kinhdoanhcafe.com.vn\vendor\composer\ClassLoader.php(576): include()
#1 F:\web\kinhdoanhcafe.com.vn\vendor\composer\ClassLoader.php(427): Composer\Autoload\{closure}()
#2 [internal function]: Composer\Autoload\ClassLoader->loadClass()
#3 Command line code(1): class_exists()
#4 [internal function]: {closure}()
#5 Command line code(1): array_filter()
#6 {main}
  thrown {"exception":"[object] (Symfony\\Component\\ErrorHandler\\Error\\FatalError(code: 0): Uncaught Error: Class \"Zizaco\\Entrust\\EntrustPermission\" not found in F:\\web\\kinhdoanhcafe.com.vn\\app\\Models\\Permission.php:7
Stack trace:
#0 F:\\web\\kinhdoanhcafe.com.vn\\vendor\\composer\\ClassLoader.php(576): include()
#1 F:\\web\\kinhdoanhcafe.com.vn\\vendor\\composer\\ClassLoader.php(427): Composer\\Autoload\\{closure}()
#2 [internal function]: Composer\\Autoload\\ClassLoader->loadClass()
#3 Command line code(1): class_exists()
#4 [internal function]: {closure}()
#5 Command line code(1): array_filter()
#6 {main}
  thrown at F:\\web\\kinhdoanhcafe.com.vn\\app\\Models\\Permission.php:7)
[stacktrace]
#0 {main}
"} 
[2024-02-09 22:47:07] local.ERROR: Uncaught Error: Class "Zizaco\Entrust\EntrustPermission" not found in F:\web\kinhdoanhcafe.com.vn\app\Models\Permission.php:7
Stack trace:
#0 F:\web\kinhdoanhcafe.com.vn\vendor\composer\ClassLoader.php(576): include()
#1 F:\web\kinhdoanhcafe.com.vn\vendor\composer\ClassLoader.php(427): Composer\Autoload\{closure}()
#2 [internal function]: Composer\Autoload\ClassLoader->loadClass()
#3 Command line code(1): class_exists()
#4 [internal function]: {closure}()
#5 Command line code(1): array_filter()
#6 {main}
  thrown {"exception":"[object] (Symfony\\Component\\ErrorHandler\\Error\\FatalError(code: 0): Uncaught Error: Class \"Zizaco\\Entrust\\EntrustPermission\" not found in F:\\web\\kinhdoanhcafe.com.vn\\app\\Models\\Permission.php:7
Stack trace:
#0 F:\\web\\kinhdoanhcafe.com.vn\\vendor\\composer\\ClassLoader.php(576): include()
#1 F:\\web\\kinhdoanhcafe.com.vn\\vendor\\composer\\ClassLoader.php(427): Composer\\Autoload\\{closure}()
#2 [internal function]: Composer\\Autoload\\ClassLoader->loadClass()
#3 Command line code(1): class_exists()
#4 [internal function]: {closure}()
#5 Command line code(1): array_filter()
#6 {main}
  thrown at F:\\web\\kinhdoanhcafe.com.vn\\app\\Models\\Permission.php:7)
[stacktrace]
#0 {main}
"} 
[2024-02-09 22:48:07] local.ERROR: Uncaught Error: Class "Zizaco\Entrust\EntrustPermission" not found in F:\web\kinhdoanhcafe.com.vn\app\Models\Permission.php:7
Stack trace:
#0 F:\web\kinhdoanhcafe.com.vn\vendor\composer\ClassLoader.php(576): include()
#1 F:\web\kinhdoanhcafe.com.vn\vendor\composer\ClassLoader.php(427): Composer\Autoload\{closure}()
#2 [internal function]: Composer\Autoload\ClassLoader->loadClass()
#3 Command line code(1): class_exists()
#4 [internal function]: {closure}()
#5 Command line code(1): array_filter()
#6 {main}
  thrown {"exception":"[object] (Symfony\\Component\\ErrorHandler\\Error\\FatalError(code: 0): Uncaught Error: Class \"Zizaco\\Entrust\\EntrustPermission\" not found in F:\\web\\kinhdoanhcafe.com.vn\\app\\Models\\Permission.php:7
Stack trace:
#0 F:\\web\\kinhdoanhcafe.com.vn\\vendor\\composer\\ClassLoader.php(576): include()
#1 F:\\web\\kinhdoanhcafe.com.vn\\vendor\\composer\\ClassLoader.php(427): Composer\\Autoload\\{closure}()
#2 [internal function]: Composer\\Autoload\\ClassLoader->loadClass()
#3 Command line code(1): class_exists()
#4 [internal function]: {closure}()
#5 Command line code(1): array_filter()
#6 {main}
  thrown at F:\\web\\kinhdoanhcafe.com.vn\\app\\Models\\Permission.php:7)
[stacktrace]
#0 {main}
"} 
[2024-02-09 22:49:07] local.ERROR: Uncaught Error: Class "Zizaco\Entrust\EntrustPermission" not found in F:\web\kinhdoanhcafe.com.vn\app\Models\Permission.php:7
Stack trace:
#0 F:\web\kinhdoanhcafe.com.vn\vendor\composer\ClassLoader.php(576): include()
#1 F:\web\kinhdoanhcafe.com.vn\vendor\composer\ClassLoader.php(427): Composer\Autoload\{closure}()
#2 [internal function]: Composer\Autoload\ClassLoader->loadClass()
#3 Command line code(1): class_exists()
#4 [internal function]: {closure}()
#5 Command line code(1): array_filter()
#6 {main}
  thrown {"exception":"[object] (Symfony\\Component\\ErrorHandler\\Error\\FatalError(code: 0): Uncaught Error: Class \"Zizaco\\Entrust\\EntrustPermission\" not found in F:\\web\\kinhdoanhcafe.com.vn\\app\\Models\\Permission.php:7
Stack trace:
#0 F:\\web\\kinhdoanhcafe.com.vn\\vendor\\composer\\ClassLoader.php(576): include()
#1 F:\\web\\kinhdoanhcafe.com.vn\\vendor\\composer\\ClassLoader.php(427): Composer\\Autoload\\{closure}()
#2 [internal function]: Composer\\Autoload\\ClassLoader->loadClass()
#3 Command line code(1): class_exists()
#4 [internal function]: {closure}()
#5 Command line code(1): array_filter()
#6 {main}
  thrown at F:\\web\\kinhdoanhcafe.com.vn\\app\\Models\\Permission.php:7)
[stacktrace]
#0 {main}
"} 
